2025-07-17 14:31:01,873 - INFO - デモ取引データベース初期化完了
2025-07-17 14:31:09,161 - INFO - プライム銘柄数: 219
2025-07-17 14:31:14,107 - INFO - サンプルデータ生成: 2025-07-02 - 2025-07-16
2025-07-17 14:31:14,145 - INFO - 日次データ保存完了: 50件
2025-07-17 14:31:14,159 - INFO - 日次データ保存完了: 50件
2025-07-17 14:31:14,172 - INFO - 日次データ保存完了: 50件
2025-07-17 14:31:14,184 - INFO - 日次データ保存完了: 50件
2025-07-17 14:31:14,203 - INFO - 日次データ保存完了: 50件
2025-07-17 14:31:14,216 - INFO - 日次データ保存完了: 50件
2025-07-17 14:31:14,228 - INFO - 日次データ保存完了: 50件
2025-07-17 14:31:14,242 - INFO - 日次データ保存完了: 50件
2025-07-17 14:31:14,254 - INFO - 日次データ保存完了: 50件
2025-07-17 14:31:14,267 - INFO - 日次データ保存完了: 50件
2025-07-17 14:31:14,280 - INFO - 日次データ保存完了: 50件
2025-07-17 14:31:14,280 - INFO - サンプルデータ生成完了
2025-07-17 14:31:29,912 - INFO - デモシミュレーション開始: 2025-07-09 - 2025-07-16
2025-07-17 14:31:29,913 - INFO - 初期資金: 2,000,000円
2025-07-17 14:31:29,913 - INFO - 
=== 2025-07-09 デモ取引 ===
2025-07-17 14:31:29,949 - INFO - ギャップ候補: 5銘柄 (分析日: 2025-07-07)
2025-07-17 14:31:29,952 - INFO - デモエントリー: 2802 buy 100株 @3679 VWAP:3665
2025-07-17 14:31:29,953 - INFO - 日次損益: 1,053円, 資金: 1,632,127円, ポジション数: 1
2025-07-17 14:31:29,954 - INFO - 
=== 2025-07-10 デモ取引 ===
2025-07-17 14:31:29,987 - INFO - ギャップ候補: 2銘柄 (分析日: 2025-07-08)
2025-07-17 14:31:29,989 - INFO - デモ決済: 2802 日次決済 損益: 2,742円 (利回り: 0.7%)
2025-07-17 14:31:29,990 - INFO - 日次損益: 0円, 資金: 2,002,742円, ポジション数: 0
2025-07-17 14:31:29,990 - INFO - 
=== 2025-07-11 デモ取引 ===
2025-07-17 14:31:30,022 - INFO - ギャップ候補: 2銘柄 (分析日: 2025-07-09)
2025-07-17 14:31:30,023 - INFO - デモエントリー: 4188 buy 200株 @2036 VWAP:2037
2025-07-17 14:31:30,025 - INFO - 日次損益: 2,331円, 資金: 1,595,588円, ポジション数: 1
2025-07-17 14:31:30,025 - INFO - 
=== 2025-07-14 デモ取引 ===
2025-07-17 14:31:30,026 - INFO - ギャップ候補: 0銘柄 (分析日: 2025-07-12)
2025-07-17 14:31:30,026 - INFO - ギャップ候補なし
2025-07-17 14:31:30,026 - INFO - 
=== 2025-07-15 デモ取引 ===
2025-07-17 14:31:30,028 - INFO - ギャップ候補: 0銘柄 (分析日: 2025-07-13)
2025-07-17 14:31:30,028 - INFO - ギャップ候補なし
2025-07-17 14:31:30,028 - INFO - 
=== 2025-07-16 デモ取引 ===
2025-07-17 14:31:30,059 - INFO - ギャップ候補: 3銘柄 (分析日: 2025-07-14)
2025-07-17 14:31:30,061 - INFO - デモエントリー: 1963 sell 100株 @3135 VWAP:3144
2025-07-17 14:31:30,063 - INFO - デモエントリー: 3401 sell 200株 @2353 VWAP:2362
2025-07-17 14:31:30,065 - INFO - デモエントリー: 2503 sell 300株 @1632 VWAP:1635
2025-07-17 14:31:30,066 - INFO - デモ決済: 4188 日次決済 損益: 6,318円 (利回り: 1.6%)
2025-07-17 14:31:30,068 - INFO - デモ決済: 2503 ロスカット 損益: -9,111円 (利回り: -1.9%)
2025-07-17 14:31:30,068 - INFO - 日次損益: -1,833円, 資金: 1,234,181円, ポジション数: 2
2025-07-17 14:31:30,069 - INFO - デモ決済: 1963 シミュレーション終了 損益: 0円 (利回り: 0.0%)
2025-07-17 14:31:30,069 - INFO - デモ決済: 3401 シミュレーション終了 損益: 0円 (利回り: 0.0%)
2025-07-17 14:31:30,070 - INFO - 
==================================================
2025-07-17 14:31:30,070 - INFO - デモシミュレーション結果分析
2025-07-17 14:31:30,070 - INFO - ==================================================
2025-07-17 14:31:30,073 - INFO -    初期資金: 2,000,000円
2025-07-17 14:31:30,073 - INFO -    最終資金: 2,018,170円
2025-07-17 14:31:30,073 - INFO -    総損益: -51円
2025-07-17 14:31:30,073 - INFO -    総利回り: 0.91%
2025-07-17 14:31:30,073 - INFO -    総取引数: 5
2025-07-17 14:31:30,073 - INFO -    勝率: 40.0% (2/5)
2025-07-17 14:31:30,073 - INFO -    平均利益: 4,530円
2025-07-17 14:31:30,073 - INFO -    平均損失: -9,111円
2025-07-17 14:31:30,074 - INFO -    損益比: 0.50
2025-07-17 14:31:30,074 - INFO -    ボラティリティ(年率): 331.1%
2025-07-17 14:31:30,074 - INFO -    シャープレシオ: 0.00
2025-07-17 14:31:30,086 - INFO - デモセッション結果保存完了: demo_20250717_143129
2025-07-17 14:31:31,320 - INFO - Using categorical units to plot a list of strings that are all parsable as floats or dates. If these strings should be plotted as numbers, cast to the appropriate data type before plotting.
2025-07-17 14:31:31,320 - INFO - Using categorical units to plot a list of strings that are all parsable as floats or dates. If these strings should be plotted as numbers, cast to the appropriate data type before plotting.
2025-07-17 14:37:10,367 - INFO - デモ取引データベース初期化完了
2025-07-17 14:37:12,762 - INFO - プライム銘柄数: 219
2025-07-17 14:37:16,690 - INFO - サンプルデータ生成: 2025-07-02 - 2025-07-16
2025-07-17 14:37:16,716 - INFO - 日次データ保存完了: 50件
2025-07-17 14:37:16,730 - INFO - 日次データ保存完了: 50件
2025-07-17 14:37:16,742 - INFO - 日次データ保存完了: 50件
2025-07-17 14:37:16,755 - INFO - 日次データ保存完了: 50件
2025-07-17 14:37:16,767 - INFO - 日次データ保存完了: 50件
2025-07-17 14:37:16,780 - INFO - 日次データ保存完了: 50件
2025-07-17 14:37:16,793 - INFO - 日次データ保存完了: 50件
2025-07-17 14:37:16,807 - INFO - 日次データ保存完了: 50件
2025-07-17 14:37:16,823 - INFO - 日次データ保存完了: 50件
2025-07-17 14:37:16,838 - INFO - 日次データ保存完了: 50件
2025-07-17 14:37:16,850 - INFO - 日次データ保存完了: 50件
2025-07-17 14:37:16,850 - INFO - サンプルデータ生成完了
2025-07-17 14:37:23,393 - INFO - デモシミュレーション開始: 2025-07-09 - 2025-07-16
2025-07-17 14:37:23,393 - INFO - 初期資金: 2,000,000円
2025-07-17 14:37:23,393 - INFO - 
=== 2025-07-09 デモ取引 ===
2025-07-17 14:37:23,427 - INFO - ギャップ候補: 2銘柄 (分析日: 2025-07-07)
2025-07-17 14:37:23,430 - INFO - デモエントリー: 4004 buy 400株 @1471 VWAP:1475
2025-07-17 14:37:23,431 - INFO - 日次損益: 4,903円, 資金: 1,411,745円, ポジション数: 1
2025-07-17 14:37:23,431 - INFO - 
=== 2025-07-10 デモ取引 ===
2025-07-17 14:37:23,461 - INFO - ギャップ候補: 5銘柄 (分析日: 2025-07-08)
2025-07-17 14:37:23,463 - INFO - デモエントリー: 3105 buy 100株 @3032 VWAP:3024
2025-07-17 14:37:23,465 - INFO - デモエントリー: 1802 buy 500株 @1081 VWAP:1085
2025-07-17 14:37:23,467 - WARNING - 資金不足: 1808 必要資金: 496,487円
2025-07-17 14:37:23,468 - INFO - デモ決済: 4004 日次決済 損益: 4,846円 (利回り: 0.8%)
2025-07-17 14:37:23,470 - INFO - 日次損益: 4,870円, 資金: 1,161,405円, ポジション数: 2
2025-07-17 14:37:23,470 - INFO - 
=== 2025-07-11 デモ取引 ===
2025-07-17 14:37:23,505 - INFO - ギャップ候補: 0銘柄 (分析日: 2025-07-09)
2025-07-17 14:37:23,505 - INFO - ギャップ候補なし
2025-07-17 14:37:23,505 - INFO - 
=== 2025-07-14 デモ取引 ===
2025-07-17 14:37:23,506 - INFO - ギャップ候補: 0銘柄 (分析日: 2025-07-12)
2025-07-17 14:37:23,506 - INFO - ギャップ候補なし
2025-07-17 14:37:23,507 - INFO - 
=== 2025-07-15 デモ取引 ===
2025-07-17 14:37:23,508 - INFO - ギャップ候補: 0銘柄 (分析日: 2025-07-13)
2025-07-17 14:37:23,508 - INFO - ギャップ候補なし
2025-07-17 14:37:23,508 - INFO - 
=== 2025-07-16 デモ取引 ===
2025-07-17 14:37:23,539 - INFO - ギャップ候補: 2銘柄 (分析日: 2025-07-14)
2025-07-17 14:37:23,541 - INFO - デモエントリー: 3101 buy 400株 @1217 VWAP:1220
2025-07-17 14:37:23,542 - INFO - デモ決済: 3105 ロスカット 損益: -2,641円 (利回り: -0.9%)
2025-07-17 14:37:23,543 - INFO - デモ決済: 1802 利確 損益: 11,543円 (利回り: 2.1%)
2025-07-17 14:37:23,544 - INFO - 日次損益: 3,691円, 資金: 1,526,806円, ポジション数: 1
2025-07-17 14:37:23,545 - INFO - デモ決済: 3101 シミュレーション終了 損益: 0円 (利回り: 0.0%)
2025-07-17 14:37:23,545 - INFO - 
==================================================
2025-07-17 14:37:23,546 - INFO - デモシミュレーション結果分析
2025-07-17 14:37:23,546 - INFO - ==================================================
2025-07-17 14:37:23,550 - INFO -    初期資金: 2,000,000円
2025-07-17 14:37:23,550 - INFO -    最終資金: 2,013,748円
2025-07-17 14:37:23,550 - INFO -    総損益: 13,748円
2025-07-17 14:37:23,551 - INFO -    総利回り: 0.69%
2025-07-17 14:37:23,551 - INFO -    総取引数: 4
2025-07-17 14:37:23,551 - INFO -    勝率: 50.0% (2/4)
2025-07-17 14:37:23,551 - INFO -    平均利益: 8,194円
2025-07-17 14:37:23,551 - INFO -    平均損失: -2,641円
2025-07-17 14:37:23,551 - INFO -    損益比: 3.10
2025-07-17 14:37:23,552 - INFO -    ボラティリティ(年率): 390.5%
2025-07-17 14:37:23,552 - INFO -    シャープレシオ: 0.00
2025-07-17 14:37:23,568 - INFO - デモセッション結果保存完了: demo_20250717_143723
2025-07-17 14:37:23,779 - INFO - Using categorical units to plot a list of strings that are all parsable as floats or dates. If these strings should be plotted as numbers, cast to the appropriate data type before plotting.
2025-07-17 14:37:23,780 - INFO - Using categorical units to plot a list of strings that are all parsable as floats or dates. If these strings should be plotted as numbers, cast to the appropriate data type before plotting.
2025-07-17 14:37:55,627 - INFO - デモレポート生成: demo_report_demo_20250717_143723.png
2025-07-17 14:52:11,483 - INFO - デモ取引データベース初期化完了
2025-07-17 14:52:30,120 - INFO - プライム銘柄数: 219
2025-07-17 14:52:31,849 - INFO - サンプルデータ生成: 2025-07-02 - 2025-07-16
2025-07-17 14:52:31,892 - INFO - 日次データ保存完了: 30件
2025-07-17 14:52:31,905 - INFO - 日次データ保存完了: 30件
2025-07-17 14:52:31,918 - INFO - 日次データ保存完了: 30件
2025-07-17 14:52:31,932 - INFO - 日次データ保存完了: 30件
2025-07-17 14:52:31,944 - INFO - 日次データ保存完了: 30件
2025-07-17 14:52:31,957 - INFO - 日次データ保存完了: 30件
2025-07-17 14:52:31,970 - INFO - 日次データ保存完了: 30件
2025-07-17 14:52:31,982 - INFO - 日次データ保存完了: 30件
2025-07-17 14:52:31,995 - INFO - 日次データ保存完了: 30件
2025-07-17 14:52:32,007 - INFO - 日次データ保存完了: 30件
2025-07-17 14:52:32,020 - INFO - 日次データ保存完了: 30件
2025-07-17 14:52:32,020 - INFO - サンプルデータ生成完了
2025-07-17 14:52:55,010 - INFO - デモシミュレーション開始: 2025-07-09 - 2025-07-16
2025-07-17 14:52:55,011 - INFO - 初期資金: 2,000,000円
2025-07-17 14:52:55,024 - INFO - 
=== 2025-07-09 デモ取引 ===
2025-07-17 14:52:55,059 - INFO - ギャップ候補: 3銘柄 (分析日: 2025-07-07)
2025-07-17 14:52:55,061 - INFO - デモエントリー: 3401 buy 400株 @1223 VWAP:1222
2025-07-17 14:52:55,063 - INFO - デモエントリー: 4004 buy 400株 @1471 VWAP:1475
2025-07-17 14:52:55,064 - INFO - 日次損益: 3,581円, 資金: 922,537円, ポジション数: 2
2025-07-17 14:52:55,064 - INFO - 
=== 2025-07-10 デモ取引 ===
2025-07-17 14:52:55,097 - INFO - ギャップ候補: 2銘柄 (分析日: 2025-07-08)
2025-07-17 14:52:55,099 - INFO - デモエントリー: 4063 sell 100株 @3825 VWAP:3855
2025-07-17 14:52:55,100 - INFO - デモ決済: 3401 日次決済 損益: -1,649円 (利回り: -0.3%)
2025-07-17 14:52:55,102 - INFO - デモ決済: 4004 日次決済 損益: 4,846円 (利回り: 0.8%)
2025-07-17 14:52:55,103 - INFO - デモ決済: 4063 ロスカット 損益: -5,404円 (利回り: -1.4%)
2025-07-17 14:52:55,104 - INFO - 日次損益: 0円, 資金: 2,008,601円, ポジション数: 0
2025-07-17 14:52:55,104 - INFO - 
=== 2025-07-11 デモ取引 ===
2025-07-17 14:52:55,138 - INFO - ギャップ候補: 2銘柄 (分析日: 2025-07-09)
2025-07-17 14:52:55,139 - INFO - デモエントリー: 3105 sell 300株 @1630 VWAP:1626
2025-07-17 14:52:55,141 - INFO - 日次損益: 8,446円, 資金: 1,519,495円, ポジション数: 1
2025-07-17 14:52:55,141 - INFO - 
=== 2025-07-14 デモ取引 ===
2025-07-17 14:52:55,142 - INFO - ギャップ候補: 0銘柄 (分析日: 2025-07-12)
2025-07-17 14:52:55,142 - INFO - ギャップ候補なし
2025-07-17 14:52:55,142 - INFO - 
=== 2025-07-15 デモ取引 ===
2025-07-17 14:52:55,143 - INFO - ギャップ候補: 0銘柄 (分析日: 2025-07-13)
2025-07-17 14:52:55,143 - INFO - ギャップ候補なし
2025-07-17 14:52:55,143 - INFO - 
=== 2025-07-16 デモ取引 ===
2025-07-17 14:52:55,176 - INFO - ギャップ候補: 2銘柄 (分析日: 2025-07-14)
2025-07-17 14:52:55,178 - INFO - デモエントリー: 2282 sell 200株 @2062 VWAP:2068
2025-07-17 14:52:55,180 - INFO - デモ決済: 3105 日次決済 損益: -1,798円 (利回り: -0.4%)
2025-07-17 14:52:55,180 - INFO - 日次損益: -2,393円, 資金: 1,597,928円, ポジション数: 1
2025-07-17 14:52:55,181 - INFO - デモ決済: 2282 シミュレーション終了 損益: 0円 (利回り: 0.0%)
2025-07-17 14:52:55,181 - INFO - 
==================================================
2025-07-17 14:52:55,182 - INFO - デモシミュレーション結果分析
2025-07-17 14:52:55,182 - INFO - ==================================================
2025-07-17 14:52:55,186 - INFO -    初期資金: 2,000,000円
2025-07-17 14:52:55,186 - INFO -    最終資金: 2,010,399円
2025-07-17 14:52:55,186 - INFO -    総損益: -4,005円
2025-07-17 14:52:55,187 - INFO -    総利回り: 0.52%
2025-07-17 14:52:55,187 - INFO -    総取引数: 5
2025-07-17 14:52:55,187 - INFO -    勝率: 20.0% (1/5)
2025-07-17 14:52:55,188 - INFO -    平均利益: 4,846円
2025-07-17 14:52:55,188 - INFO -    平均損失: -2,950円
2025-07-17 14:52:55,189 - INFO -    損益比: 1.64
2025-07-17 14:52:55,201 - INFO - デモセッション結果保存完了: demo_20250717_145255
2025-07-17 14:52:55,498 - INFO - Using categorical units to plot a list of strings that are all parsable as floats or dates. If these strings should be plotted as numbers, cast to the appropriate data type before plotting.
2025-07-17 14:52:55,499 - INFO - Using categorical units to plot a list of strings that are all parsable as floats or dates. If these strings should be plotted as numbers, cast to the appropriate data type before plotting.
2025-07-17 18:01:47,147 - INFO - デモ取引データベース初期化完了
