2025-07-18 11:36:51,947 - INFO - 🚀 機械学習モデル統合分析システム 開始
2025-07-18 11:36:51,947 - INFO - ============================================================
2025-07-18 11:36:51,948 - INFO - 分析対象銘柄: 7203, 6758, 8306, 9984, 6861
2025-07-18 11:36:51,948 - INFO - === yfinanceデータ収集 ===
2025-07-18 11:36:52,497 - INFO - ✅ 7203: 289件のデータを保存
2025-07-18 11:36:52,721 - INFO - ✅ 6758: 289件のデータを保存
2025-07-18 11:36:52,915 - INFO - ✅ 8306: 291件のデータを保存
2025-07-18 11:36:53,119 - INFO - ✅ 9984: 289件のデータを保存
2025-07-18 11:36:53,303 - INFO - ✅ 6861: 291件のデータを保存
2025-07-18 11:36:53,317 - INFO - データ収集完了: 5/5銘柄, 1449件
2025-07-18 11:36:53,318 - INFO - ✅ データ収集完了
2025-07-18 11:36:53,318 - INFO - 
============================================================
2025-07-18 11:36:53,318 - INFO - 🔍 銘柄分析: 7203
2025-07-18 11:36:53,318 - INFO - ============================================================
2025-07-18 11:36:53,319 - INFO - データ準備中: 7203
2025-07-18 11:36:53,325 - INFO - 取得データ数: 292件
2025-07-18 11:36:53,357 - INFO - 特徴量数: 24
2025-07-18 11:36:53,357 - INFO - 有効サンプル数: 278
2025-07-18 11:36:53,362 - INFO - Random Forest モデルを訓練中...
2025-07-18 11:36:53,716 - INFO - Linear Regression モデルを訓練中...
2025-07-18 11:36:53,718 - INFO - Simple Moving Average モデルを訓練中...
2025-07-18 11:36:53,724 - INFO - 
=== 7203 モデル比較レポート ===

📊 モデル性能比較（MAE順）:
1. RandomForest
   MSE: 120347.2948
   MAE: 83.0533
   R²: -0.0474

2. SimpleMovingAverage
   MSE: 126386.2782
   MAE: 104.9036
   R²: -0.1000

3. LinearRegression
   MSE: 6185130711.2734
   MAE: 27622.9186
   R²: -53830.1037

🏆 最優秀モデル: RandomForest
   精度評価: 低精度

💰 価格予測（RandomForest）:
   現在価格: 2509.00
   予測価格: 2511.95
   予測変動: 2.95 (0.12%)


2025-07-18 11:36:53,725 - INFO - 📊 レポート保存: reports\7203_comparison_report.txt
2025-07-18 11:36:53,750 - INFO - モデル保存: models\7203_RandomForest_model.pkl
2025-07-18 11:36:53,752 - INFO - モデル保存: models\7203_LinearRegression_model.pkl
2025-07-18 11:36:53,754 - INFO - スケーラー保存: models\7203_scaler.pkl
2025-07-18 11:36:53,755 - INFO - 
============================================================
2025-07-18 11:36:53,755 - INFO - 🔍 銘柄分析: 6758
2025-07-18 11:36:53,755 - INFO - ============================================================
2025-07-18 11:36:53,755 - INFO - データ準備中: 6758
2025-07-18 11:36:53,758 - INFO - 取得データ数: 289件
2025-07-18 11:36:53,789 - INFO - 特徴量数: 24
2025-07-18 11:36:53,789 - INFO - 有効サンプル数: 275
2025-07-18 11:36:53,794 - INFO - Random Forest モデルを訓練中...
2025-07-18 11:36:54,168 - INFO - Linear Regression モデルを訓練中...
2025-07-18 11:36:54,171 - INFO - Simple Moving Average モデルを訓練中...
2025-07-18 11:36:54,176 - INFO - 
=== 6758 モデル比較レポート ===

📊 モデル性能比較（MAE順）:
1. LinearRegression
   MSE: 69.9866
   MAE: 4.2881
   R²: 0.9073

2. RandomForest
   MSE: 156.8508
   MAE: 10.2415
   R²: 0.7923

3. SimpleMovingAverage
   MSE: 1902.6531
   MAE: 34.7782
   R²: -1.5197

🏆 最優秀モデル: LinearRegression
   精度評価: 高精度

💰 価格予測（LinearRegression）:
   現在価格: 3574.00
   予測価格: 3573.43
   予測変動: -0.57 (-0.02%)


2025-07-18 11:36:54,178 - INFO - 📊 レポート保存: reports\6758_comparison_report.txt
2025-07-18 11:36:54,202 - INFO - モデル保存: models\6758_RandomForest_model.pkl
2025-07-18 11:36:54,204 - INFO - モデル保存: models\6758_LinearRegression_model.pkl
2025-07-18 11:36:54,206 - INFO - スケーラー保存: models\6758_scaler.pkl
2025-07-18 11:36:54,206 - INFO - 
============================================================
2025-07-18 11:36:54,207 - INFO - 🔍 銘柄分析: 8306
2025-07-18 11:36:54,207 - INFO - ============================================================
2025-07-18 11:36:54,207 - INFO - データ準備中: 8306
2025-07-18 11:36:54,209 - INFO - 取得データ数: 291件
2025-07-18 11:36:54,240 - INFO - 特徴量数: 24
2025-07-18 11:36:54,240 - INFO - 有効サンプル数: 277
2025-07-18 11:36:54,244 - INFO - Random Forest モデルを訓練中...
2025-07-18 11:36:54,583 - INFO - Linear Regression モデルを訓練中...
2025-07-18 11:36:54,586 - INFO - Simple Moving Average モデルを訓練中...
2025-07-18 11:36:54,592 - INFO - 
=== 8306 モデル比較レポート ===

📊 モデル性能比較（MAE順）:
1. LinearRegression
   MSE: 2.8429
   MAE: 1.2001
   R²: 0.2732

2. RandomForest
   MSE: 3.6128
   MAE: 1.5051
   R²: 0.0763

3. SimpleMovingAverage
   MSE: 691.4493
   MAE: 23.7214
   R²: -175.7837

🏆 最優秀モデル: LinearRegression
   精度評価: 高精度

💰 価格予測（LinearRegression）:
   現在価格: 1972.00
   予測価格: 1971.43
   予測変動: -0.57 (-0.03%)


2025-07-18 11:36:54,601 - INFO - 📊 レポート保存: reports\8306_comparison_report.txt
2025-07-18 11:36:54,625 - INFO - モデル保存: models\8306_RandomForest_model.pkl
2025-07-18 11:36:54,626 - INFO - モデル保存: models\8306_LinearRegression_model.pkl
2025-07-18 11:36:54,628 - INFO - スケーラー保存: models\8306_scaler.pkl
2025-07-18 11:36:54,628 - INFO - 
============================================================
2025-07-18 11:36:54,628 - INFO - 🔍 銘柄分析: 9984
2025-07-18 11:36:54,628 - INFO - ============================================================
2025-07-18 11:36:54,628 - INFO - データ準備中: 9984
2025-07-18 11:36:54,631 - INFO - 取得データ数: 289件
2025-07-18 11:36:54,661 - INFO - 特徴量数: 24
2025-07-18 11:36:54,662 - INFO - 有効サンプル数: 275
2025-07-18 11:36:54,667 - INFO - Random Forest モデルを訓練中...
2025-07-18 11:36:55,014 - INFO - Linear Regression モデルを訓練中...
2025-07-18 11:36:55,017 - INFO - Simple Moving Average モデルを訓練中...
2025-07-18 11:36:55,022 - INFO - 
=== 9984 モデル比較レポート ===

📊 モデル性能比較（MAE順）:
1. LinearRegression
   MSE: 860.9290
   MAE: 21.8688
   R²: 0.9518

2. RandomForest
   MSE: 14060.5251
   MAE: 103.5236
   R²: 0.2132

3. SimpleMovingAverage
   MSE: 146897.7818
   MAE: 350.8727
   R²: -7.2202

🏆 最優秀モデル: LinearRegression
   精度評価: 中精度

💰 価格予測（LinearRegression）:
   現在価格: 10860.00
   予測価格: 10829.44
   予測変動: -30.56 (-0.28%)


2025-07-18 11:36:55,023 - INFO - 📊 レポート保存: reports\9984_comparison_report.txt
2025-07-18 11:36:55,050 - INFO - モデル保存: models\9984_RandomForest_model.pkl
2025-07-18 11:36:55,052 - INFO - モデル保存: models\9984_LinearRegression_model.pkl
2025-07-18 11:36:55,054 - INFO - スケーラー保存: models\9984_scaler.pkl
2025-07-18 11:36:55,054 - INFO - 
============================================================
2025-07-18 11:36:55,054 - INFO - 🔍 銘柄分析: 6861
2025-07-18 11:36:55,054 - INFO - ============================================================
2025-07-18 11:36:55,054 - INFO - データ準備中: 6861
2025-07-18 11:36:55,057 - INFO - 取得データ数: 291件
2025-07-18 11:36:55,090 - INFO - 特徴量数: 24
2025-07-18 11:36:55,090 - INFO - 有効サンプル数: 277
2025-07-18 11:36:55,095 - INFO - Random Forest モデルを訓練中...
2025-07-18 11:36:55,445 - INFO - Linear Regression モデルを訓練中...
2025-07-18 11:36:55,447 - INFO - Simple Moving Average モデルを訓練中...
2025-07-18 11:36:55,453 - INFO - 
=== 6861 モデル比較レポート ===

📊 モデル性能比較（MAE順）:
1. LinearRegression
   MSE: 3841.5850
   MAE: 45.4270
   R²: 0.3803

2. RandomForest
   MSE: 5976.2564
   MAE: 52.5821
   R²: 0.0359

3. SimpleMovingAverage
   MSE: 243876.1429
   MAE: 482.3571
   R²: -38.3421

🏆 最優秀モデル: LinearRegression
   精度評価: 中精度

💰 価格予測（LinearRegression）:
   現在価格: 55620.00
   予測価格: 55608.93
   予測変動: -11.07 (-0.02%)


2025-07-18 11:36:55,455 - INFO - 📊 レポート保存: reports\6861_comparison_report.txt
2025-07-18 11:36:55,480 - INFO - モデル保存: models\6861_RandomForest_model.pkl
2025-07-18 11:36:55,483 - INFO - モデル保存: models\6861_LinearRegression_model.pkl
2025-07-18 11:36:55,484 - INFO - スケーラー保存: models\6861_scaler.pkl
2025-07-18 11:36:55,485 - INFO - 
============================================================
2025-07-18 11:36:55,485 - INFO - 📈 全体サマリー
2025-07-18 11:36:55,485 - INFO - ============================================================
2025-07-18 11:36:55,485 - INFO - 7203: 最優秀モデル = RandomForest (MAE: 83.0533)
2025-07-18 11:36:55,486 - INFO - 6758: 最優秀モデル = LinearRegression (MAE: 4.2881)
2025-07-18 11:36:55,486 - INFO - 8306: 最優秀モデル = LinearRegression (MAE: 1.2001)
2025-07-18 11:36:55,486 - INFO - 9984: 最優秀モデル = LinearRegression (MAE: 21.8688)
2025-07-18 11:36:55,486 - INFO - 6861: 最優秀モデル = LinearRegression (MAE: 45.4270)
2025-07-18 11:36:55,486 - INFO - 
⚠️ LightGBMが利用できません (pip install lightgbm で追加可能)
2025-07-18 11:36:55,487 - INFO - 
✅ 分析完了!
2025-07-18 11:36:55,487 - INFO - 📊 レポートファイル: reports/フォルダ内
2025-07-18 11:36:55,487 - INFO - 🤖 モデルファイル: models/フォルダ内
2025-07-18 11:36:55,487 - INFO - 📝 ログファイル: ml_analysis.log
2025-07-18 11:48:06,860 - INFO - 🚀 機械学習モデル統合分析システム 開始
2025-07-18 11:48:06,862 - INFO - ============================================================
2025-07-18 11:48:06,863 - INFO - 分析対象銘柄: 7203, 6758, 8306, 9984, 6861
2025-07-18 11:48:06,863 - INFO - === yfinanceデータ収集 ===
2025-07-18 11:48:07,446 - INFO - ✅ 7203: 291件のデータを保存
2025-07-18 11:48:07,609 - INFO - ✅ 6758: 291件のデータを保存
2025-07-18 11:48:07,765 - INFO - ✅ 8306: 293件のデータを保存
2025-07-18 11:48:07,959 - INFO - ✅ 9984: 291件のデータを保存
2025-07-18 11:48:08,121 - INFO - ✅ 6861: 293件のデータを保存
2025-07-18 11:48:08,143 - INFO - データ収集完了: 5/5銘柄, 1459件
2025-07-18 11:48:08,143 - INFO - ✅ データ収集完了
2025-07-18 11:48:08,144 - INFO - 
============================================================
2025-07-18 11:48:08,144 - INFO - 🔍 銘柄分析: 7203
2025-07-18 11:48:08,144 - INFO - ============================================================
2025-07-18 11:48:08,144 - INFO - データ準備中: 7203
2025-07-18 11:48:08,147 - INFO - 取得データ数: 294件
2025-07-18 11:48:08,182 - INFO - 特徴量数: 24
2025-07-18 11:48:08,183 - INFO - 有効サンプル数: 280
2025-07-18 11:48:08,188 - INFO - Random Forest モデルを訓練中...
2025-07-18 11:48:08,553 - INFO - Linear Regression モデルを訓練中...
2025-07-18 11:48:08,566 - INFO - Simple Moving Average モデルを訓練中...
2025-07-18 11:48:08,570 - INFO - LightGBM モデルを訓練中...
2025-07-18 11:48:11,744 - INFO - 
=== 7203 モデル比較レポート ===

📊 モデル性能比較（MAE順）:
1. RandomForest
   MSE: 120313.7489
   MAE: 83.0609
   R²: -0.0472

2. LightGBM
   MSE: 120754.9647
   MAE: 83.2307
   R²: -0.0510

3. SimpleMovingAverage
   MSE: 126043.8809
   MAE: 104.9304
   R²: -0.0970

4. LinearRegression
   MSE: 6211121623.8030
   MAE: 27700.4298
   R²: -54058.3007

🏆 最優秀モデル: RandomForest
   精度評価: 低精度

🚀 LightGBM性能（2位）:
   MSE: 120754.9647
   MAE: 83.2307
   R²: -0.0510

💰 価格予測（RandomForest）:
   現在価格: 2510.00
   予測価格: 2510.58
   予測変動: 0.58 (0.02%)


2025-07-18 11:48:11,745 - INFO - 📊 レポート保存: reports\7203_comparison_report.txt
2025-07-18 11:48:11,772 - INFO - モデル保存: models\7203_RandomForest_model.pkl
2025-07-18 11:48:11,774 - INFO - モデル保存: models\7203_LinearRegression_model.pkl
2025-07-18 11:48:11,779 - INFO - モデル保存: models\7203_LightGBM_model.pkl
2025-07-18 11:48:11,781 - INFO - スケーラー保存: models\7203_scaler.pkl
2025-07-18 11:48:11,781 - INFO - 
============================================================
2025-07-18 11:48:11,781 - INFO - 🔍 銘柄分析: 6758
2025-07-18 11:48:11,781 - INFO - ============================================================
2025-07-18 11:48:11,781 - INFO - データ準備中: 6758
2025-07-18 11:48:11,783 - INFO - 取得データ数: 291件
2025-07-18 11:48:11,815 - INFO - 特徴量数: 24
2025-07-18 11:48:11,815 - INFO - 有効サンプル数: 277
2025-07-18 11:48:11,819 - INFO - Random Forest モデルを訓練中...
2025-07-18 11:48:12,174 - INFO - Linear Regression モデルを訓練中...
2025-07-18 11:48:12,176 - INFO - Simple Moving Average モデルを訓練中...
2025-07-18 11:48:12,181 - INFO - LightGBM モデルを訓練中...
2025-07-18 11:48:12,206 - INFO - 
=== 6758 モデル比較レポート ===

📊 モデル性能比較（MAE順）:
1. LinearRegression
   MSE: 68.3740
   MAE: 4.2606
   R²: 0.9124

2. RandomForest
   MSE: 137.9751
   MAE: 9.1939
   R²: 0.8232

3. LightGBM
   MSE: 471.1764
   MAE: 18.1327
   R²: 0.3963

4. SimpleMovingAverage
   MSE: 1865.2136
   MAE: 34.2036
   R²: -1.3897

🏆 最優秀モデル: LinearRegression
   精度評価: 高精度

🚀 LightGBM性能（3位）:
   MSE: 471.1764
   MAE: 18.1327
   R²: 0.3963

💰 価格予測（LinearRegression）:
   現在価格: 3571.00
   予測価格: 3573.74
   予測変動: 2.74 (0.08%)


2025-07-18 11:48:12,208 - INFO - 📊 レポート保存: reports\6758_comparison_report.txt
2025-07-18 11:48:12,232 - INFO - モデル保存: models\6758_RandomForest_model.pkl
2025-07-18 11:48:12,234 - INFO - モデル保存: models\6758_LinearRegression_model.pkl
2025-07-18 11:48:12,248 - INFO - モデル保存: models\6758_LightGBM_model.pkl
2025-07-18 11:48:12,250 - INFO - スケーラー保存: models\6758_scaler.pkl
2025-07-18 11:48:12,250 - INFO - 
============================================================
2025-07-18 11:48:12,250 - INFO - 🔍 銘柄分析: 8306
2025-07-18 11:48:12,251 - INFO - ============================================================
2025-07-18 11:48:12,251 - INFO - データ準備中: 8306
2025-07-18 11:48:12,253 - INFO - 取得データ数: 293件
2025-07-18 11:48:12,288 - INFO - 特徴量数: 24
2025-07-18 11:48:12,289 - INFO - 有効サンプル数: 279
2025-07-18 11:48:12,294 - INFO - Random Forest モデルを訓練中...
2025-07-18 11:48:12,642 - INFO - Linear Regression モデルを訓練中...
2025-07-18 11:48:12,644 - INFO - Simple Moving Average モデルを訓練中...
2025-07-18 11:48:12,650 - INFO - LightGBM モデルを訓練中...
2025-07-18 11:48:12,675 - INFO - 
=== 8306 モデル比較レポート ===

📊 モデル性能比較（MAE順）:
1. LinearRegression
   MSE: 2.8237
   MAE: 1.1941
   R²: 0.2618

2. LightGBM
   MSE: 3.0549
   MAE: 1.4008
   R²: 0.2014

3. RandomForest
   MSE: 3.5888
   MAE: 1.5086
   R²: 0.0618

4. SimpleMovingAverage
   MSE: 689.5029
   MAE: 23.8107
   R²: -179.2539

🏆 最優秀モデル: LinearRegression
   精度評価: 高精度

🚀 LightGBM性能（2位）:
   MSE: 3.0549
   MAE: 1.4008
   R²: 0.2014

💰 価格予測（LinearRegression）:
   現在価格: 1972.00
   予測価格: 1973.13
   予測変動: 1.13 (0.06%)


2025-07-18 11:48:12,677 - INFO - 📊 レポート保存: reports\8306_comparison_report.txt
2025-07-18 11:48:12,703 - INFO - モデル保存: models\8306_RandomForest_model.pkl
2025-07-18 11:48:12,704 - INFO - モデル保存: models\8306_LinearRegression_model.pkl
2025-07-18 11:48:12,711 - INFO - モデル保存: models\8306_LightGBM_model.pkl
2025-07-18 11:48:12,713 - INFO - スケーラー保存: models\8306_scaler.pkl
2025-07-18 11:48:12,713 - INFO - 
============================================================
2025-07-18 11:48:12,713 - INFO - 🔍 銘柄分析: 9984
2025-07-18 11:48:12,714 - INFO - ============================================================
2025-07-18 11:48:12,714 - INFO - データ準備中: 9984
2025-07-18 11:48:12,716 - INFO - 取得データ数: 291件
2025-07-18 11:48:12,754 - INFO - 特徴量数: 24
2025-07-18 11:48:12,754 - INFO - 有効サンプル数: 277
2025-07-18 11:48:12,761 - INFO - Random Forest モデルを訓練中...
2025-07-18 11:48:13,134 - INFO - Linear Regression モデルを訓練中...
2025-07-18 11:48:13,137 - INFO - Simple Moving Average モデルを訓練中...
2025-07-18 11:48:13,141 - INFO - LightGBM モデルを訓練中...
2025-07-18 11:48:13,165 - INFO - 
=== 9984 モデル比較レポート ===

📊 モデル性能比較（MAE順）:
1. LinearRegression
   MSE: 853.8452
   MAE: 21.7364
   R²: 0.9530

2. LightGBM
   MSE: 13302.2845
   MAE: 97.2222
   R²: 0.2676

3. RandomForest
   MSE: 15277.5106
   MAE: 108.7714
   R²: 0.1589

4. SimpleMovingAverage
   MSE: 151235.0357
   MAE: 356.9643
   R²: -7.3266

🏆 最優秀モデル: LinearRegression
   精度評価: 中精度

🚀 LightGBM性能（2位）:
   MSE: 13302.2845
   MAE: 97.2222
   R²: 0.2676

💰 価格予測（LinearRegression）:
   現在価格: 10855.00
   予測価格: 10850.38
   予測変動: -4.62 (-0.04%)


2025-07-18 11:48:13,166 - INFO - 📊 レポート保存: reports\9984_comparison_report.txt
2025-07-18 11:48:13,195 - INFO - モデル保存: models\9984_RandomForest_model.pkl
2025-07-18 11:48:13,196 - INFO - モデル保存: models\9984_LinearRegression_model.pkl
2025-07-18 11:48:13,227 - INFO - モデル保存: models\9984_LightGBM_model.pkl
2025-07-18 11:48:13,228 - INFO - スケーラー保存: models\9984_scaler.pkl
2025-07-18 11:48:13,228 - INFO - 
============================================================
2025-07-18 11:48:13,229 - INFO - 🔍 銘柄分析: 6861
2025-07-18 11:48:13,229 - INFO - ============================================================
2025-07-18 11:48:13,229 - INFO - データ準備中: 6861
2025-07-18 11:48:13,232 - INFO - 取得データ数: 293件
2025-07-18 11:48:13,265 - INFO - 特徴量数: 24
2025-07-18 11:48:13,265 - INFO - 有効サンプル数: 279
2025-07-18 11:48:13,270 - INFO - Random Forest モデルを訓練中...
2025-07-18 11:48:13,624 - INFO - Linear Regression モデルを訓練中...
2025-07-18 11:48:13,626 - INFO - Simple Moving Average モデルを訓練中...
2025-07-18 11:48:13,631 - INFO - LightGBM モデルを訓練中...
2025-07-18 11:48:13,651 - INFO - 
=== 6861 モデル比較レポート ===

📊 モデル性能比較（MAE順）:
1. LinearRegression
   MSE: 3804.8717
   MAE: 44.9545
   R²: 0.4056

2. RandomForest
   MSE: 7054.5800
   MAE: 57.1464
   R²: -0.1020

3. LightGBM
   MSE: 8647.5011
   MAE: 74.1962
   R²: -0.3509

4. SimpleMovingAverage
   MSE: 238095.0714
   MAE: 478.9643
   R²: -36.1936

🏆 最優秀モデル: LinearRegression
   精度評価: 中精度

🚀 LightGBM性能（3位）:
   MSE: 8647.5011
   MAE: 74.1962
   R²: -0.3509

💰 価格予測（LinearRegression）:
   現在価格: 55620.00
   予測価格: 55576.37
   予測変動: -43.63 (-0.08%)


2025-07-18 11:48:13,652 - INFO - 📊 レポート保存: reports\6861_comparison_report.txt
2025-07-18 11:48:13,679 - INFO - モデル保存: models\6861_RandomForest_model.pkl
2025-07-18 11:48:13,680 - INFO - モデル保存: models\6861_LinearRegression_model.pkl
2025-07-18 11:48:13,683 - INFO - モデル保存: models\6861_LightGBM_model.pkl
2025-07-18 11:48:13,685 - INFO - スケーラー保存: models\6861_scaler.pkl
2025-07-18 11:48:13,685 - INFO - 
============================================================
2025-07-18 11:48:13,685 - INFO - 📈 全体サマリー
2025-07-18 11:48:13,686 - INFO - ============================================================
2025-07-18 11:48:13,686 - INFO - 7203: 最優秀モデル = RandomForest (MAE: 83.0609)
2025-07-18 11:48:13,686 - INFO - 6758: 最優秀モデル = LinearRegression (MAE: 4.2606)
2025-07-18 11:48:13,686 - INFO - 8306: 最優秀モデル = LinearRegression (MAE: 1.1941)
2025-07-18 11:48:13,686 - INFO - 9984: 最優秀モデル = LinearRegression (MAE: 21.7364)
2025-07-18 11:48:13,687 - INFO - 6861: 最優秀モデル = LinearRegression (MAE: 44.9545)
2025-07-18 11:48:13,687 - INFO - 
🚀 LightGBMが利用されました
2025-07-18 11:48:13,687 - INFO - 
✅ 分析完了!
2025-07-18 11:48:13,687 - INFO - 📊 レポートファイル: reports/フォルダ内
2025-07-18 11:48:13,687 - INFO - 🤖 モデルファイル: models/フォルダ内
2025-07-18 11:48:13,688 - INFO - 📝 ログファイル: ml_analysis.log
2025-07-20 08:56:47,417 - INFO - 🚀 機械学習モデル統合分析システム 開始
2025-07-20 08:56:47,418 - INFO - ============================================================
2025-07-20 08:56:47,419 - INFO - 分析対象銘柄: 7203, 6758, 8306, 9984, 6861
2025-07-20 08:56:47,419 - INFO - === 出来高フィルター（30万株以上） ===
2025-07-20 08:56:47,440 - WARNING - ⚠️ 7203: データなし
2025-07-20 08:56:47,441 - WARNING - ⚠️ 6758: データなし
2025-07-20 08:56:47,442 - WARNING - ⚠️ 8306: データなし
2025-07-20 08:56:47,443 - WARNING - ⚠️ 9984: データなし
2025-07-20 08:56:47,444 - WARNING - ⚠️ 6861: データなし
2025-07-20 08:56:47,444 - INFO - フィルター結果: 0/5銘柄が30万株以上
2025-07-20 08:56:47,445 - WARNING - ⚠️ フィルター後の銘柄がありません。元の銘柄リストを使用します。
2025-07-20 08:56:47,445 - INFO - === yfinanceデータ収集 ===
2025-07-20 08:56:52,000 - INFO - ✅ 7203: 260件のデータを保存
2025-07-20 08:56:52,308 - INFO - ✅ 6758: 260件のデータを保存
2025-07-20 08:56:52,508 - INFO - ✅ 8306: 262件のデータを保存
2025-07-20 08:56:52,667 - INFO - ✅ 9984: 260件のデータを保存
2025-07-20 08:56:52,828 - INFO - ✅ 6861: 262件のデータを保存
2025-07-20 08:56:52,860 - INFO - データ収集完了: 5/5銘柄, 1304件
2025-07-20 08:56:52,860 - INFO - ✅ データ収集完了
2025-07-20 08:56:52,860 - INFO - 
============================================================
2025-07-20 08:56:52,861 - INFO - 🔍 銘柄分析: 7203
2025-07-20 08:56:52,861 - INFO - ============================================================
2025-07-20 08:56:52,861 - INFO - データ準備中: 7203
2025-07-20 08:56:52,864 - INFO - 取得データ数: 329件
2025-07-20 08:56:52,907 - INFO - 特徴量数: 24
2025-07-20 08:56:52,908 - INFO - 有効サンプル数: 315
2025-07-20 08:56:52,913 - INFO - Random Forest モデルを訓練中...
2025-07-20 08:56:53,331 - INFO - Linear Regression モデルを訓練中...
2025-07-20 08:56:53,337 - INFO - Simple Moving Average モデルを訓練中...
2025-07-20 08:56:53,342 - INFO - LightGBM モデルを訓練中...
2025-07-20 08:56:55,373 - INFO - 
=== 7203 モデル比較レポート ===

📊 モデル性能比較（MAE順）:
1. RandomForest
   MSE: 107132.5265
   MAE: 73.4633
   R²: -0.0437

2. LightGBM
   MSE: 107355.3176
   MAE: 73.9490
   R²: -0.0458

3. SimpleMovingAverage
   MSE: 111418.8662
   MAE: 97.3540
   R²: -0.0854

4. LinearRegression
   MSE: 432617733.8402
   MAE: 6670.5920
   R²: -4213.4862

🏆 最優秀モデル: RandomForest
   精度評価: 低精度

🚀 LightGBM性能（2位）:
   MSE: 107355.3176
   MAE: 73.9490
   R²: -0.0458

💰 価格予測（RandomForest）:
   現在価格: 2516.00
   予測価格: 2515.82
   予測変動: -0.18 (-0.01%)


2025-07-20 08:56:55,374 - INFO - 📊 レポート保存: reports\7203_comparison_report.txt
2025-07-20 08:56:55,407 - INFO - モデル保存: models\7203_RandomForest_model.pkl
2025-07-20 08:56:55,409 - INFO - モデル保存: models\7203_LinearRegression_model.pkl
2025-07-20 08:56:55,413 - INFO - モデル保存: models\7203_LightGBM_model.pkl
2025-07-20 08:56:55,415 - INFO - スケーラー保存: models\7203_scaler.pkl
2025-07-20 08:56:55,416 - INFO - 
============================================================
2025-07-20 08:56:55,416 - INFO - 🔍 銘柄分析: 6758
2025-07-20 08:56:55,416 - INFO - ============================================================
2025-07-20 08:56:55,416 - INFO - データ準備中: 6758
2025-07-20 08:56:55,421 - INFO - 取得データ数: 326件
2025-07-20 08:56:55,458 - INFO - 特徴量数: 24
2025-07-20 08:56:55,459 - INFO - 有効サンプル数: 312
2025-07-20 08:56:55,464 - INFO - Random Forest モデルを訓練中...
2025-07-20 08:56:55,846 - INFO - Linear Regression モデルを訓練中...
2025-07-20 08:56:55,848 - INFO - Simple Moving Average モデルを訓練中...
2025-07-20 08:56:55,854 - INFO - LightGBM モデルを訓練中...
2025-07-20 08:56:55,879 - INFO - 
=== 6758 モデル比較レポート ===

📊 モデル性能比較（MAE順）:
1. LinearRegression
   MSE: 17.9947
   MAE: 3.2909
   R²: 0.8111

2. RandomForest
   MSE: 48.5207
   MAE: 5.7322
   R²: 0.4906

3. LightGBM
   MSE: 62.6204
   MAE: 6.5364
   R²: 0.3426

4. SimpleMovingAverage
   MSE: 506.3886
   MAE: 21.3714
   R²: -4.3163

🏆 最優秀モデル: LinearRegression
   精度評価: 高精度

🚀 LightGBM性能（3位）:
   MSE: 62.6204
   MAE: 6.5364
   R²: 0.3426

💰 価格予測（LinearRegression）:
   現在価格: 3558.00
   予測価格: 3555.42
   予測変動: -2.58 (-0.07%)


2025-07-20 08:56:55,881 - INFO - 📊 レポート保存: reports\6758_comparison_report.txt
2025-07-20 08:56:55,910 - INFO - モデル保存: models\6758_RandomForest_model.pkl
2025-07-20 08:56:55,920 - INFO - モデル保存: models\6758_LinearRegression_model.pkl
2025-07-20 08:56:55,931 - INFO - モデル保存: models\6758_LightGBM_model.pkl
2025-07-20 08:56:55,932 - INFO - スケーラー保存: models\6758_scaler.pkl
2025-07-20 08:56:55,933 - INFO - 
============================================================
2025-07-20 08:56:55,933 - INFO - 🔍 銘柄分析: 8306
2025-07-20 08:56:55,933 - INFO - ============================================================
2025-07-20 08:56:55,933 - INFO - データ準備中: 8306
2025-07-20 08:56:55,938 - INFO - 取得データ数: 328件
2025-07-20 08:56:55,977 - INFO - 特徴量数: 24
2025-07-20 08:56:55,977 - INFO - 有効サンプル数: 314
2025-07-20 08:56:55,981 - INFO - Random Forest モデルを訓練中...
2025-07-20 08:56:56,359 - INFO - Linear Regression モデルを訓練中...
2025-07-20 08:56:56,363 - INFO - Simple Moving Average モデルを訓練中...
2025-07-20 08:56:56,369 - INFO - LightGBM モデルを訓練中...
2025-07-20 08:56:56,397 - INFO - 
=== 8306 モデル比較レポート ===

📊 モデル性能比較（MAE順）:
1. LinearRegression
   MSE: 2.0245
   MAE: 0.9665
   R²: 0.4169

2. LightGBM
   MSE: 5.1203
   MAE: 1.9532
   R²: -0.4748

3. RandomForest
   MSE: 5.5244
   MAE: 2.0794
   R²: -0.5912

4. SimpleMovingAverage
   MSE: 978.3448
   MAE: 28.2190
   R²: -280.7991

🏆 最優秀モデル: LinearRegression
   精度評価: 高精度

🚀 LightGBM性能（2位）:
   MSE: 5.1203
   MAE: 1.9532
   R²: -0.4748

💰 価格予測（LinearRegression）:
   現在価格: 1970.00
   予測価格: 1969.19
   予測変動: -0.81 (-0.04%)


2025-07-20 08:56:56,399 - INFO - 📊 レポート保存: reports\8306_comparison_report.txt
2025-07-20 08:56:56,429 - INFO - モデル保存: models\8306_RandomForest_model.pkl
2025-07-20 08:56:56,430 - INFO - モデル保存: models\8306_LinearRegression_model.pkl
2025-07-20 08:56:56,436 - INFO - モデル保存: models\8306_LightGBM_model.pkl
2025-07-20 08:56:56,438 - INFO - スケーラー保存: models\8306_scaler.pkl
2025-07-20 08:56:56,439 - INFO - 
============================================================
2025-07-20 08:56:56,439 - INFO - 🔍 銘柄分析: 9984
2025-07-20 08:56:56,439 - INFO - ============================================================
2025-07-20 08:56:56,440 - INFO - データ準備中: 9984
2025-07-20 08:56:56,442 - INFO - 取得データ数: 326件
2025-07-20 08:56:56,477 - INFO - 特徴量数: 24
2025-07-20 08:56:56,477 - INFO - 有効サンプル数: 312
2025-07-20 08:56:56,481 - INFO - Random Forest モデルを訓練中...
2025-07-20 08:56:56,861 - INFO - Linear Regression モデルを訓練中...
2025-07-20 08:56:56,863 - INFO - Simple Moving Average モデルを訓練中...
2025-07-20 08:56:56,868 - INFO - LightGBM モデルを訓練中...
2025-07-20 08:56:56,894 - INFO - 
=== 9984 モデル比較レポート ===

📊 モデル性能比較（MAE順）:
1. LinearRegression
   MSE: 1584.3319
   MAE: 26.5146
   R²: 0.9073

2. RandomForest
   MSE: 78181.1150
   MAE: 246.0198
   R²: -3.5724

3. LightGBM
   MSE: 77397.1733
   MAE: 252.5933
   R²: -3.5266

4. SimpleMovingAverage
   MSE: 381884.5238
   MAE: 597.0952
   R²: -21.3345

🏆 最優秀モデル: LinearRegression
   精度評価: 中精度

🚀 LightGBM性能（3位）:
   MSE: 77397.1733
   MAE: 252.5933
   R²: -3.5266

💰 価格予測（LinearRegression）:
   現在価格: 11220.00
   予測価格: 11234.91
   予測変動: 14.91 (0.13%)


2025-07-20 08:56:56,908 - INFO - 📊 レポート保存: reports\9984_comparison_report.txt
2025-07-20 08:56:56,932 - INFO - モデル保存: models\9984_RandomForest_model.pkl
2025-07-20 08:56:56,934 - INFO - モデル保存: models\9984_LinearRegression_model.pkl
2025-07-20 08:56:56,939 - INFO - モデル保存: models\9984_LightGBM_model.pkl
2025-07-20 08:56:56,941 - INFO - スケーラー保存: models\9984_scaler.pkl
2025-07-20 08:56:56,941 - INFO - 
============================================================
2025-07-20 08:56:56,941 - INFO - 🔍 銘柄分析: 6861
2025-07-20 08:56:56,942 - INFO - ============================================================
2025-07-20 08:56:56,942 - INFO - データ準備中: 6861
2025-07-20 08:56:56,944 - INFO - 取得データ数: 328件
2025-07-20 08:56:56,981 - INFO - 特徴量数: 24
2025-07-20 08:56:56,982 - INFO - 有効サンプル数: 314
2025-07-20 08:56:56,988 - INFO - Random Forest モデルを訓練中...
2025-07-20 08:56:57,380 - INFO - Linear Regression モデルを訓練中...
2025-07-20 08:56:57,382 - INFO - Simple Moving Average モデルを訓練中...
2025-07-20 08:56:57,388 - INFO - LightGBM モデルを訓練中...
2025-07-20 08:56:57,410 - INFO - 
=== 6861 モデル比較レポート ===

📊 モデル性能比較（MAE順）:
1. LinearRegression
   MSE: 2068.7338
   MAE: 33.1880
   R²: 0.2486

2. LightGBM
   MSE: 3796.5958
   MAE: 47.5271
   R²: -0.3791

3. RandomForest
   MSE: 4155.0521
   MAE: 49.9619
   R²: -0.5093

4. SimpleMovingAverage
   MSE: 229583.4921
   MAE: 462.3492
   R²: -82.3928

🏆 最優秀モデル: LinearRegression
   精度評価: 中精度

🚀 LightGBM性能（2位）:
   MSE: 3796.5958
   MAE: 47.5271
   R²: -0.3791

💰 価格予測（LinearRegression）:
   現在価格: 55570.00
   予測価格: 55594.82
   予測変動: 24.82 (0.04%)


2025-07-20 08:56:57,411 - INFO - 📊 レポート保存: reports\6861_comparison_report.txt
2025-07-20 08:56:57,440 - INFO - モデル保存: models\6861_RandomForest_model.pkl
2025-07-20 08:56:57,441 - INFO - モデル保存: models\6861_LinearRegression_model.pkl
2025-07-20 08:56:57,444 - INFO - モデル保存: models\6861_LightGBM_model.pkl
2025-07-20 08:56:57,446 - INFO - スケーラー保存: models\6861_scaler.pkl
2025-07-20 08:56:57,446 - INFO - 
============================================================
2025-07-20 08:56:57,446 - INFO - 📊 フィルター結果サマリー
2025-07-20 08:56:57,446 - INFO - ============================================================
2025-07-20 08:56:57,447 - INFO - 元の銘柄数: 5
2025-07-20 08:56:57,447 - INFO - フィルター後: 5
2025-07-20 08:56:57,447 - INFO - 分析完了: 5
2025-07-20 08:56:57,447 - INFO - 
============================================================
2025-07-20 08:56:57,448 - INFO - 📈 全体サマリー
2025-07-20 08:56:57,448 - INFO - ============================================================
2025-07-20 08:56:57,448 - INFO - 7203: 最優秀モデル = RandomForest (MAE: 73.4633)
2025-07-20 08:56:57,448 - INFO - 6758: 最優秀モデル = LinearRegression (MAE: 3.2909)
2025-07-20 08:56:57,448 - INFO - 8306: 最優秀モデル = LinearRegression (MAE: 0.9665)
2025-07-20 08:56:57,449 - INFO - 9984: 最優秀モデル = LinearRegression (MAE: 26.5146)
2025-07-20 08:56:57,449 - INFO - 6861: 最優秀モデル = LinearRegression (MAE: 33.1880)
2025-07-20 08:56:57,449 - INFO - 
🚀 LightGBMが利用されました
2025-07-20 08:56:57,449 - INFO - 
✅ 分析完了!
2025-07-20 08:56:57,450 - INFO - 📊 レポートファイル: reports/フォルダ内
2025-07-20 08:56:57,450 - INFO - 🤖 モデルファイル: models/フォルダ内
2025-07-20 08:56:57,451 - INFO - 📝 ログファイル: ml_analysis.log
