2025-07-20 09:12:05,423 - INFO - 🚀 木曜→金曜 取引デモシステム 開始
2025-07-20 09:12:05,424 - INFO - ============================================================
2025-07-20 09:12:05,425 - INFO - 📅 デモ期間: 木曜(2025-07-17) → 金曜(2025-07-18)
2025-07-20 09:12:05,425 - INFO - === 木曜データ（2025-07-17）でモデル訓練 ===
2025-07-20 09:12:05,428 - INFO - ✅ 7203: 2025-07-17に65件のデータ
2025-07-20 09:12:05,429 - INFO - ✅ 6758: 2025-07-17に65件のデータ
2025-07-20 09:12:05,430 - INFO - ✅ 8306: 2025-07-17に66件のデータ
2025-07-20 09:12:05,432 - INFO - ✅ 9984: 2025-07-17に65件のデータ
2025-07-20 09:12:05,433 - INFO - ✅ 6861: 2025-07-17に65件のデータ
2025-07-20 09:12:05,434 - INFO - 総データ数: 326件
2025-07-20 09:12:05,532 - INFO - 訓練データ: 256サンプル, 24特徴量
2025-07-20 09:12:05,535 - INFO - RandomForest 訓練中...
2025-07-20 09:12:06,159 - INFO - LinearRegression 訓練中...
2025-07-20 09:12:06,160 - INFO - LightGBM 訓練中...
2025-07-20 09:12:07,642 - INFO - モデル保存: models\thursday_friday\RandomForest_2025-07-17.pkl
2025-07-20 09:12:07,644 - INFO - モデル保存: models\thursday_friday\LinearRegression_2025-07-17.pkl
2025-07-20 09:12:07,648 - INFO - モデル保存: models\thursday_friday\LightGBM_2025-07-17.pkl
2025-07-20 09:12:07,648 - INFO - === 金曜データ（2025-07-18）で予測シグナル生成 ===
2025-07-20 09:12:07,651 - INFO - ✅ 7203: 2025-07-18に68件のデータ
2025-07-20 09:12:07,652 - INFO - ✅ 6758: 2025-07-18に65件のデータ
2025-07-20 09:12:07,653 - INFO - ✅ 8306: 2025-07-18に65件のデータ
2025-07-20 09:12:07,655 - INFO - ✅ 9984: 2025-07-18に65件のデータ
2025-07-20 09:12:07,657 - INFO - ✅ 6861: 2025-07-18に66件のデータ
2025-07-20 09:12:07,658 - INFO - 総データ数: 329件
2025-07-20 09:12:07,765 - INFO - RandomForest 予測完了
2025-07-20 09:12:07,766 - INFO - LinearRegression 予測完了
2025-07-20 09:12:07,769 - INFO - LightGBM 予測完了
2025-07-20 09:12:07,772 - INFO - === 金曜取引シミュレーション ===
2025-07-20 09:12:07,777 - INFO - 📈 買い注文: 7203 198株 @1007.0
2025-07-20 09:12:07,778 - INFO - 📉 売り注文: 7203 利確 損益: 296898円 (148.91%)
2025-07-20 09:12:07,778 - INFO - 📈 買い注文: 7203 257株 @1006.0
2025-07-20 09:12:07,779 - INFO - 📉 売り注文: 7203 利確 損益: 385881円 (149.25%)
2025-07-20 09:12:07,779 - INFO - 📈 買い注文: 7203 334株 @1005.0
2025-07-20 09:12:07,779 - INFO - 📉 売り注文: 7203 利確 損益: 502163円 (149.60%)
2025-07-20 09:12:07,780 - INFO - 📈 買い注文: 7203 174株 @2509.0
2025-07-20 09:12:07,781 - INFO - 📉 売り注文: 7203 予測悪化 損益: -873円 (-0.20%)
2025-07-20 09:12:07,782 - INFO - 📈 買い注文: 7203 174株 @2508.0
2025-07-20 09:12:07,794 - INFO - 📊 レポート保存: reports\thursday_friday_demo\thursday_friday_demo_20250720_091207.txt
2025-07-20 09:12:07,796 - INFO - 
✅ デモ完了!
2025-07-20 09:12:07,796 - INFO - 📈 総リターン: 74.72%
2025-07-20 09:12:07,796 - INFO - 🎯 勝率: 75.0%
2025-07-20 09:12:07,796 - INFO - 💰 総損益: 1,184,069円
2025-07-20 09:12:07,796 - INFO - 📊 レポート: reports/thursday_friday_demo/ フォルダ内
2025-07-20 09:16:32,993 - INFO - 🚀 木曜→金曜 取引デモシステム 開始
2025-07-20 09:16:32,993 - INFO - ============================================================
2025-07-20 09:16:32,994 - INFO - 📅 デモ期間: 木曜(2025-07-17) → 金曜(2025-07-18)
2025-07-20 09:16:32,994 - INFO - === 木曜データ（2025-07-17）でモデル訓練 ===
2025-07-20 09:16:32,997 - INFO - ✅ 7203: 2025-07-17に65件のデータ
2025-07-20 09:16:32,998 - INFO - ✅ 6758: 2025-07-17に65件のデータ
2025-07-20 09:16:32,999 - INFO - ✅ 8306: 2025-07-17に66件のデータ
2025-07-20 09:16:33,001 - INFO - ✅ 9984: 2025-07-17に65件のデータ
2025-07-20 09:16:33,002 - INFO - ✅ 6861: 2025-07-17に65件のデータ
2025-07-20 09:16:33,003 - INFO - 総データ数: 326件
2025-07-20 09:16:33,097 - INFO - 訓練データ: 256サンプル, 24特徴量
2025-07-20 09:16:33,100 - INFO - RandomForest 訓練中...
2025-07-20 09:16:33,711 - INFO - LinearRegression 訓練中...
2025-07-20 09:16:33,713 - INFO - LightGBM 訓練中...
2025-07-20 09:16:35,161 - INFO - モデル保存: models\thursday_friday\RandomForest_2025-07-17.pkl
2025-07-20 09:16:35,162 - INFO - モデル保存: models\thursday_friday\LinearRegression_2025-07-17.pkl
2025-07-20 09:16:35,166 - INFO - モデル保存: models\thursday_friday\LightGBM_2025-07-17.pkl
2025-07-20 09:16:35,166 - INFO - === 金曜データ（2025-07-18）で予測シグナル生成 ===
2025-07-20 09:16:35,168 - INFO - ✅ 7203: 2025-07-18に68件のデータ
2025-07-20 09:16:35,170 - INFO - ✅ 6758: 2025-07-18に65件のデータ
2025-07-20 09:16:35,171 - INFO - ✅ 8306: 2025-07-18に65件のデータ
2025-07-20 09:16:35,173 - INFO - ✅ 9984: 2025-07-18に65件のデータ
2025-07-20 09:16:35,175 - INFO - ✅ 6861: 2025-07-18に66件のデータ
2025-07-20 09:16:35,176 - INFO - 総データ数: 329件
2025-07-20 09:16:35,276 - INFO - RandomForest 予測完了
2025-07-20 09:16:35,278 - INFO - LinearRegression 予測完了
2025-07-20 09:16:35,281 - INFO - LightGBM 予測完了
2025-07-20 09:16:35,283 - INFO - === 金曜取引シミュレーション ===
2025-07-20 09:16:35,288 - INFO - 📈 買い注文: 7203 198株 @1007.0 投資額:199,585円
2025-07-20 09:16:35,289 - INFO - 📉 売り注文: 7203 利確 売却額:496,483円 損益: 296898円 (148.76%)
2025-07-20 09:16:35,289 - INFO - 📈 買い注文: 7203 257株 @1006.0 投資額:258,801円
2025-07-20 09:16:35,290 - INFO - 📉 売り注文: 7203 利確 売却額:644,682円 損益: 385881円 (149.10%)
2025-07-20 09:16:35,291 - INFO - 📈 買い注文: 7203 334株 @1005.0 投資額:336,006円
2025-07-20 09:16:35,291 - INFO - 📉 売り注文: 7203 利確 売却額:838,169円 損益: 502163円 (149.45%)
2025-07-20 09:16:35,292 - INFO - 📈 買い注文: 7203 174株 @2509.0 投資額:437,003円
2025-07-20 09:16:35,294 - INFO - 📉 売り注文: 7203 予測悪化 売却額:436,129円 損益: -873円 (-0.20%)
2025-07-20 09:16:35,295 - INFO - 📈 買い注文: 7203 174株 @2508.0 投資額:436,828円
2025-07-20 09:16:35,305 - INFO - 📊 レポート保存: reports\thursday_friday_demo\thursday_friday_demo_20250720_091635.txt
2025-07-20 09:16:35,311 - INFO - 
✅ デモ完了!
2025-07-20 09:16:35,311 - INFO - 📈 総リターン: 74.72%
2025-07-20 09:16:35,312 - INFO - 🎯 勝率: 75.0%
2025-07-20 09:16:35,313 - INFO - 💰 総損益: 1,184,069円
2025-07-20 09:16:35,314 - INFO - 📊 レポート: reports/thursday_friday_demo/ フォルダ内
