2025-07-21 19:10:20,513 - INFO - ファンダメンタルズデータベース初期化完了
2025-07-21 19:10:20,514 - INFO - 🚀 高精度リークフリーモデル - ライブ取引デモ開始
2025-07-21 19:10:20,514 - INFO - ======================================================================
2025-07-21 19:10:20,515 - INFO - 既存の訓練済みモデルを準備中...
2025-07-21 19:10:20,515 - INFO - 高精度データ準備: 7203
2025-07-21 19:10:20,523 - INFO - 5m: 2688件
2025-07-21 19:10:20,526 - INFO - 1h: 287件
2025-07-21 19:10:20,528 - INFO - 1d: 0件
2025-07-21 19:10:22,658 - INFO - ファンダメンタルズデータ取得完了: 7203
2025-07-21 19:10:22,673 - INFO - ✅ 7203: ファンダメンタルズ特徴量を追加
2025-07-21 19:10:22,726 - INFO - 特徴量数: 89
2025-07-21 19:10:22,726 - INFO - 訓練データ: 2128件
2025-07-21 19:10:22,727 - INFO - テストデータ: 533件
2025-07-21 19:10:22,727 - INFO - 特徴量選択中...
2025-07-21 19:10:22,755 - INFO - 価格予測モデル群を訓練中...
2025-07-21 19:10:22,762 - INFO - ✅ LinearRegression (価格予測) 訓練完了
2025-07-21 19:10:22,765 - INFO - ✅ Ridge (価格予測) 訓練完了
2025-07-21 19:10:22,767 - INFO - ✅ Lasso (価格予測) 訓練完了
2025-07-21 19:10:44,820 - INFO - ✅ RandomForest (価格予測) 訓練完了
2025-07-21 19:10:59,961 - INFO - ✅ GradientBoosting (価格予測) 訓練完了
2025-07-21 19:10:59,963 - INFO - ✅ SVR (価格予測) 訓練完了
2025-07-21 19:10:59,963 - INFO - 方向予測モデル群を訓練中...
2025-07-21 19:11:02,212 - INFO - ✅ RandomForestClassifier (方向予測) 訓練完了
2025-07-21 19:11:10,863 - INFO - ✅ GradientBoostingClassifier (方向予測) 訓練完了
2025-07-21 19:11:22,408 - INFO - ✅ SVC (方向予測) 訓練完了
2025-07-21 19:11:22,415 - INFO - LinearRegression (価格予測):
2025-07-21 19:11:22,415 - INFO -   MSE: 0.000002
2025-07-21 19:11:22,416 - INFO -   MAE: 0.000885
2025-07-21 19:11:22,416 - INFO -   R²: -0.0665
2025-07-21 19:11:22,416 - INFO -   方向精度: 0.4747 (47.5%)
2025-07-21 19:11:22,422 - INFO - Ridge (価格予測):
2025-07-21 19:11:22,422 - INFO -   MSE: 0.000002
2025-07-21 19:11:22,422 - INFO -   MAE: 0.000878
2025-07-21 19:11:22,422 - INFO -   R²: -0.0461
2025-07-21 19:11:22,423 - INFO -   方向精度: 0.5028 (50.3%)
2025-07-21 19:11:22,427 - INFO - Lasso (価格予測):
2025-07-21 19:11:22,428 - INFO -   MSE: 0.000002
2025-07-21 19:11:22,428 - INFO -   MAE: 0.000834
2025-07-21 19:11:22,428 - INFO -   R²: -0.0031
2025-07-21 19:11:22,429 - INFO -   方向精度: 0.5441 (54.4%)
2025-07-21 19:11:22,458 - INFO - RandomForest (価格予測):
2025-07-21 19:11:22,458 - INFO -   MSE: 0.000002
2025-07-21 19:11:22,459 - INFO -   MAE: 0.000869
2025-07-21 19:11:22,459 - INFO -   R²: -0.0369
2025-07-21 19:11:22,459 - INFO -   方向精度: 0.5272 (52.7%)
2025-07-21 19:11:22,466 - INFO - GradientBoosting (価格予測):
2025-07-21 19:11:22,467 - INFO -   MSE: 0.000002
2025-07-21 19:11:22,467 - INFO -   MAE: 0.000964
2025-07-21 19:11:22,467 - INFO -   R²: -0.2236
2025-07-21 19:11:22,468 - INFO -   方向精度: 0.5009 (50.1%)
2025-07-21 19:11:22,473 - INFO - SVR (価格予測):
2025-07-21 19:11:22,473 - INFO -   MSE: 0.000007
2025-07-21 19:11:22,473 - INFO -   MAE: 0.002426
2025-07-21 19:11:22,474 - INFO -   R²: -2.8154
2025-07-21 19:11:22,474 - INFO -   方向精度: 0.4559 (45.6%)
2025-07-21 19:11:22,520 - INFO - RandomForestClassifier (方向予測):
2025-07-21 19:11:22,520 - INFO -   精度: 0.5347 (53.5%)
2025-07-21 19:11:22,530 - INFO - GradientBoostingClassifier (方向予測):
2025-07-21 19:11:22,530 - INFO -   精度: 0.5478 (54.8%)
2025-07-21 19:11:28,926 - INFO - SVC (方向予測):
2025-07-21 19:11:28,926 - INFO -   精度: 0.5460 (54.6%)
2025-07-21 19:11:28,926 - INFO - ✅ 7203: モデル準備完了
2025-07-21 19:11:28,926 - INFO -   最良価格予測: Lasso (MAE: 0.000834)
2025-07-21 19:11:28,927 - INFO -   最良方向予測: GradientBoostingClassifier (精度: 54.8%)
2025-07-21 19:11:28,927 - INFO - 高精度データ準備: 6758
2025-07-21 19:11:28,934 - INFO - 5m: 2683件
2025-07-21 19:11:28,937 - INFO - 1h: 287件
2025-07-21 19:11:28,938 - INFO - 1d: 0件
2025-07-21 19:11:30,977 - INFO - ファンダメンタルズデータ取得完了: 6758
2025-07-21 19:11:30,980 - INFO - ✅ 6758: ファンダメンタルズ特徴量を追加
2025-07-21 19:11:31,024 - INFO - 特徴量数: 89
2025-07-21 19:11:31,025 - INFO - 訓練データ: 2125件
2025-07-21 19:11:31,025 - INFO - テストデータ: 532件
2025-07-21 19:11:31,026 - INFO - 特徴量選択中...
2025-07-21 19:11:31,052 - INFO - 価格予測モデル群を訓練中...
2025-07-21 19:11:31,059 - INFO - ✅ LinearRegression (価格予測) 訓練完了
2025-07-21 19:11:31,061 - INFO - ✅ Ridge (価格予測) 訓練完了
2025-07-21 19:11:31,062 - INFO - ✅ Lasso (価格予測) 訓練完了
2025-07-21 19:11:51,418 - INFO - ✅ RandomForest (価格予測) 訓練完了
2025-07-21 19:12:06,046 - INFO - ✅ GradientBoosting (価格予測) 訓練完了
2025-07-21 19:12:06,049 - INFO - ✅ SVR (価格予測) 訓練完了
2025-07-21 19:12:06,050 - INFO - 方向予測モデル群を訓練中...
2025-07-21 19:12:07,981 - INFO - ✅ RandomForestClassifier (方向予測) 訓練完了
2025-07-21 19:12:15,868 - INFO - ✅ GradientBoostingClassifier (方向予測) 訓練完了
2025-07-21 19:12:17,189 - INFO - ✅ SVC (方向予測) 訓練完了
2025-07-21 19:12:17,194 - INFO - LinearRegression (価格予測):
2025-07-21 19:12:17,194 - INFO -   MSE: 0.000004
2025-07-21 19:12:17,194 - INFO -   MAE: 0.001037
2025-07-21 19:12:17,194 - INFO -   R²: -0.0345
2025-07-21 19:12:17,195 - INFO -   方向精度: 0.4812 (48.1%)
2025-07-21 19:12:17,199 - INFO - Ridge (価格予測):
2025-07-21 19:12:17,200 - INFO -   MSE: 0.000004
2025-07-21 19:12:17,200 - INFO -   MAE: 0.001031
2025-07-21 19:12:17,200 - INFO -   R²: -0.0308
2025-07-21 19:12:17,200 - INFO -   方向精度: 0.4944 (49.4%)
2025-07-21 19:12:17,204 - INFO - Lasso (価格予測):
2025-07-21 19:12:17,205 - INFO -   MSE: 0.000004
2025-07-21 19:12:17,205 - INFO -   MAE: 0.000999
2025-07-21 19:12:17,205 - INFO -   R²: -0.0063
2025-07-21 19:12:17,206 - INFO -   方向精度: 0.4229 (42.3%)
2025-07-21 19:12:17,226 - INFO - RandomForest (価格予測):
2025-07-21 19:12:17,226 - INFO -   MSE: 0.000005
2025-07-21 19:12:17,227 - INFO -   MAE: 0.001051
2025-07-21 19:12:17,227 - INFO -   R²: -0.1934
2025-07-21 19:12:17,227 - INFO -   方向精度: 0.5038 (50.4%)
2025-07-21 19:12:17,235 - INFO - GradientBoosting (価格予測):
2025-07-21 19:12:17,235 - INFO -   MSE: 0.000006
2025-07-21 19:12:17,235 - INFO -   MAE: 0.001168
2025-07-21 19:12:17,235 - INFO -   R²: -0.5425
2025-07-21 19:12:17,236 - INFO -   方向精度: 0.5395 (53.9%)
2025-07-21 19:12:17,240 - INFO - SVR (価格予測):
2025-07-21 19:12:17,240 - INFO -   MSE: 0.000028
2025-07-21 19:12:17,240 - INFO -   MAE: 0.004962
2025-07-21 19:12:17,240 - INFO -   R²: -6.0835
2025-07-21 19:12:17,240 - INFO -   方向精度: 0.4229 (42.3%)
2025-07-21 19:12:17,280 - INFO - RandomForestClassifier (方向予測):
2025-07-21 19:12:17,280 - INFO -   精度: 0.5902 (59.0%)
2025-07-21 19:12:17,290 - INFO - GradientBoostingClassifier (方向予測):
2025-07-21 19:12:17,290 - INFO -   精度: 0.5376 (53.8%)
2025-07-21 19:12:17,502 - INFO - SVC (方向予測):
2025-07-21 19:12:17,502 - INFO -   精度: 0.5677 (56.8%)
2025-07-21 19:12:17,502 - INFO - ✅ 6758: モデル準備完了
2025-07-21 19:12:17,503 - INFO -   最良価格予測: Lasso (MAE: 0.000999)
2025-07-21 19:12:17,503 - INFO -   最良方向予測: RandomForestClassifier (精度: 59.0%)
2025-07-21 19:12:17,503 - INFO - 高精度データ準備: 8306
2025-07-21 19:12:17,510 - INFO - 5m: 2691件
2025-07-21 19:12:17,512 - INFO - 1h: 287件
2025-07-21 19:12:17,514 - INFO - 1d: 0件
2025-07-21 19:12:18,912 - INFO - ファンダメンタルズデータ取得完了: 8306
2025-07-21 19:12:18,915 - INFO - ✅ 8306: ファンダメンタルズ特徴量を追加
2025-07-21 19:12:18,958 - INFO - 特徴量数: 89
2025-07-21 19:12:18,959 - INFO - 訓練データ: 2132件
2025-07-21 19:12:18,959 - INFO - テストデータ: 533件
2025-07-21 19:12:18,960 - INFO - 特徴量選択中...
2025-07-21 19:12:18,985 - INFO - 価格予測モデル群を訓練中...
2025-07-21 19:12:18,990 - INFO - ✅ LinearRegression (価格予測) 訓練完了
2025-07-21 19:12:18,992 - INFO - ✅ Ridge (価格予測) 訓練完了
2025-07-21 19:12:18,993 - INFO - ✅ Lasso (価格予測) 訓練完了
2025-07-21 19:12:37,062 - INFO - ✅ RandomForest (価格予測) 訓練完了
2025-07-21 19:12:50,020 - INFO - ✅ GradientBoosting (価格予測) 訓練完了
2025-07-21 19:12:50,022 - INFO - ✅ SVR (価格予測) 訓練完了
2025-07-21 19:12:50,023 - INFO - 方向予測モデル群を訓練中...
2025-07-21 19:12:52,028 - INFO - ✅ RandomForestClassifier (方向予測) 訓練完了
2025-07-21 19:13:00,939 - INFO - ✅ GradientBoostingClassifier (方向予測) 訓練完了
2025-07-21 19:13:02,288 - INFO - ✅ SVC (方向予測) 訓練完了
2025-07-21 19:13:02,293 - INFO - LinearRegression (価格予測):
2025-07-21 19:13:02,293 - INFO -   MSE: 0.000002
2025-07-21 19:13:02,293 - INFO -   MAE: 0.000760
2025-07-21 19:13:02,293 - INFO -   R²: -0.0340
2025-07-21 19:13:02,294 - INFO -   方向精度: 0.4503 (45.0%)
2025-07-21 19:13:02,299 - INFO - Ridge (価格予測):
2025-07-21 19:13:02,299 - INFO -   MSE: 0.000002
2025-07-21 19:13:02,300 - INFO -   MAE: 0.000757
2025-07-21 19:13:02,300 - INFO -   R²: -0.0259
2025-07-21 19:13:02,300 - INFO -   方向精度: 0.4522 (45.2%)
2025-07-21 19:13:02,304 - INFO - Lasso (価格予測):
2025-07-21 19:13:02,304 - INFO -   MSE: 0.000002
2025-07-21 19:13:02,304 - INFO -   MAE: 0.000726
2025-07-21 19:13:02,305 - INFO -   R²: -0.0000
2025-07-21 19:13:02,305 - INFO -   方向精度: 0.4184 (41.8%)
2025-07-21 19:13:02,325 - INFO - RandomForest (価格予測):
2025-07-21 19:13:02,325 - INFO -   MSE: 0.000002
2025-07-21 19:13:02,326 - INFO -   MAE: 0.000762
2025-07-21 19:13:02,326 - INFO -   R²: -0.0870
2025-07-21 19:13:02,326 - INFO -   方向精度: 0.4653 (46.5%)
2025-07-21 19:13:02,334 - INFO - GradientBoosting (価格予測):
2025-07-21 19:13:02,334 - INFO -   MSE: 0.000002
2025-07-21 19:13:02,334 - INFO -   MAE: 0.000851
2025-07-21 19:13:02,334 - INFO -   R²: -0.4411
2025-07-21 19:13:02,335 - INFO -   方向精度: 0.4597 (46.0%)
2025-07-21 19:13:02,339 - INFO - SVR (価格予測):
2025-07-21 19:13:02,339 - INFO -   MSE: 0.000003
2025-07-21 19:13:02,339 - INFO -   MAE: 0.001203
2025-07-21 19:13:02,339 - INFO -   R²: -0.5588
2025-07-21 19:13:02,340 - INFO -   方向精度: 0.5816 (58.2%)
2025-07-21 19:13:02,381 - INFO - RandomForestClassifier (方向予測):
2025-07-21 19:13:02,381 - INFO -   精度: 0.5610 (56.1%)
2025-07-21 19:13:02,389 - INFO - GradientBoostingClassifier (方向予測):
2025-07-21 19:13:02,389 - INFO -   精度: 0.5103 (51.0%)
2025-07-21 19:13:02,607 - INFO - SVC (方向予測):
2025-07-21 19:13:02,607 - INFO -   精度: 0.6023 (60.2%)
2025-07-21 19:13:02,608 - INFO - ✅ 8306: モデル準備完了
2025-07-21 19:13:02,608 - INFO -   最良価格予測: Lasso (MAE: 0.000726)
2025-07-21 19:13:02,608 - INFO -   最良方向予測: SVC (精度: 60.2%)
2025-07-21 19:13:02,609 - INFO - 📊 予測実行時刻: 2025-07-21 19:13:02
2025-07-21 19:13:02,609 - INFO - 
2025-07-21 19:13:02,609 - INFO - 🔍 7203 分析中...
2025-07-21 19:13:02,612 - ERROR - 予測エラー (7203): Cannot operate on a closed database.
2025-07-21 19:13:02,612 - ERROR - ❌ 7203: 予測エラー: Cannot operate on a closed database.
2025-07-21 19:13:02,613 - INFO - 🔍 6758 分析中...
2025-07-21 19:13:02,615 - ERROR - 予測エラー (6758): Cannot operate on a closed database.
2025-07-21 19:13:02,615 - ERROR - ❌ 6758: 予測エラー: Cannot operate on a closed database.
2025-07-21 19:13:02,616 - INFO - 🔍 8306 分析中...
2025-07-21 19:13:02,618 - ERROR - 予測エラー (8306): Cannot operate on a closed database.
2025-07-21 19:13:02,618 - ERROR - ❌ 8306: 予測エラー: Cannot operate on a closed database.
2025-07-21 19:13:02,618 - INFO - ✅ ライブデモ完了
2025-07-21 19:13:02,618 - INFO - ======================================================================
2025-07-21 19:15:20,197 - INFO - ファンダメンタルズデータベース初期化完了
2025-07-21 19:15:20,197 - INFO - 🚀 高精度リークフリーモデル - ライブ取引デモ開始
2025-07-21 19:15:20,198 - INFO - ======================================================================
2025-07-21 19:15:20,198 - INFO - 既存の訓練済みモデルを準備中...
2025-07-21 19:15:20,198 - INFO - 高精度データ準備: 7203
2025-07-21 19:15:20,206 - INFO - 5m: 2688件
2025-07-21 19:15:20,208 - INFO - 1h: 287件
2025-07-21 19:15:20,210 - INFO - 1d: 0件
2025-07-21 19:15:21,926 - INFO - ファンダメンタルズデータ取得完了: 7203
2025-07-21 19:15:21,929 - INFO - ✅ 7203: ファンダメンタルズ特徴量を追加
2025-07-21 19:15:21,973 - INFO - 特徴量数: 89
2025-07-21 19:15:21,974 - INFO - 訓練データ: 2128件
2025-07-21 19:15:21,974 - INFO - テストデータ: 533件
2025-07-21 19:15:21,975 - INFO - 特徴量選択中...
2025-07-21 19:15:22,000 - INFO - 価格予測モデル群を訓練中...
2025-07-21 19:15:22,007 - INFO - ✅ LinearRegression (価格予測) 訓練完了
2025-07-21 19:15:22,010 - INFO - ✅ Ridge (価格予測) 訓練完了
2025-07-21 19:15:22,011 - INFO - ✅ Lasso (価格予測) 訓練完了
2025-07-21 19:15:42,418 - INFO - ✅ RandomForest (価格予測) 訓練完了
2025-07-21 19:15:56,259 - INFO - ✅ GradientBoosting (価格予測) 訓練完了
2025-07-21 19:15:56,261 - INFO - ✅ SVR (価格予測) 訓練完了
2025-07-21 19:15:56,261 - INFO - 方向予測モデル群を訓練中...
2025-07-21 19:15:58,328 - INFO - ✅ RandomForestClassifier (方向予測) 訓練完了
2025-07-21 19:16:06,513 - INFO - ✅ GradientBoostingClassifier (方向予測) 訓練完了
2025-07-21 19:16:17,474 - INFO - ✅ SVC (方向予測) 訓練完了
2025-07-21 19:16:17,480 - INFO - LinearRegression (価格予測):
2025-07-21 19:16:17,480 - INFO -   MSE: 0.000002
2025-07-21 19:16:17,480 - INFO -   MAE: 0.000885
2025-07-21 19:16:17,480 - INFO -   R²: -0.0665
2025-07-21 19:16:17,481 - INFO -   方向精度: 0.4747 (47.5%)
2025-07-21 19:16:17,485 - INFO - Ridge (価格予測):
2025-07-21 19:16:17,485 - INFO -   MSE: 0.000002
2025-07-21 19:16:17,486 - INFO -   MAE: 0.000878
2025-07-21 19:16:17,486 - INFO -   R²: -0.0461
2025-07-21 19:16:17,486 - INFO -   方向精度: 0.5028 (50.3%)
2025-07-21 19:16:17,491 - INFO - Lasso (価格予測):
2025-07-21 19:16:17,491 - INFO -   MSE: 0.000002
2025-07-21 19:16:17,492 - INFO -   MAE: 0.000834
2025-07-21 19:16:17,492 - INFO -   R²: -0.0031
2025-07-21 19:16:17,492 - INFO -   方向精度: 0.5441 (54.4%)
2025-07-21 19:16:17,514 - INFO - RandomForest (価格予測):
2025-07-21 19:16:17,514 - INFO -   MSE: 0.000002
2025-07-21 19:16:17,514 - INFO -   MAE: 0.000869
2025-07-21 19:16:17,515 - INFO -   R²: -0.0369
2025-07-21 19:16:17,515 - INFO -   方向精度: 0.5272 (52.7%)
2025-07-21 19:16:17,523 - INFO - GradientBoosting (価格予測):
2025-07-21 19:16:17,523 - INFO -   MSE: 0.000002
2025-07-21 19:16:17,523 - INFO -   MAE: 0.000964
2025-07-21 19:16:17,524 - INFO -   R²: -0.2236
2025-07-21 19:16:17,524 - INFO -   方向精度: 0.5009 (50.1%)
2025-07-21 19:16:17,528 - INFO - SVR (価格予測):
2025-07-21 19:16:17,528 - INFO -   MSE: 0.000007
2025-07-21 19:16:17,529 - INFO -   MAE: 0.002426
2025-07-21 19:16:17,529 - INFO -   R²: -2.8154
2025-07-21 19:16:17,529 - INFO -   方向精度: 0.4559 (45.6%)
2025-07-21 19:16:17,572 - INFO - RandomForestClassifier (方向予測):
2025-07-21 19:16:17,572 - INFO -   精度: 0.5347 (53.5%)
2025-07-21 19:16:17,581 - INFO - GradientBoostingClassifier (方向予測):
2025-07-21 19:16:17,581 - INFO -   精度: 0.5478 (54.8%)
2025-07-21 19:16:23,915 - INFO - SVC (方向予測):
2025-07-21 19:16:23,915 - INFO -   精度: 0.5460 (54.6%)
2025-07-21 19:16:23,915 - INFO - ✅ 7203: モデル準備完了
2025-07-21 19:16:23,916 - INFO -   最良価格予測: Lasso (MAE: 0.000834)
2025-07-21 19:16:23,916 - INFO -   最良方向予測: GradientBoostingClassifier (精度: 54.8%)
2025-07-21 19:16:23,916 - INFO - 高精度データ準備: 6758
2025-07-21 19:16:23,923 - INFO - 5m: 2683件
2025-07-21 19:16:23,925 - INFO - 1h: 287件
2025-07-21 19:16:23,927 - INFO - 1d: 0件
2025-07-21 19:16:25,389 - INFO - ファンダメンタルズデータ取得完了: 6758
2025-07-21 19:16:25,392 - INFO - ✅ 6758: ファンダメンタルズ特徴量を追加
2025-07-21 19:16:25,432 - INFO - 特徴量数: 89
2025-07-21 19:16:25,433 - INFO - 訓練データ: 2125件
2025-07-21 19:16:25,433 - INFO - テストデータ: 532件
2025-07-21 19:16:25,434 - INFO - 特徴量選択中...
2025-07-21 19:16:25,458 - INFO - 価格予測モデル群を訓練中...
2025-07-21 19:16:25,464 - INFO - ✅ LinearRegression (価格予測) 訓練完了
2025-07-21 19:16:25,466 - INFO - ✅ Ridge (価格予測) 訓練完了
2025-07-21 19:16:25,468 - INFO - ✅ Lasso (価格予測) 訓練完了
2025-07-21 19:16:45,240 - INFO - ✅ RandomForest (価格予測) 訓練完了
2025-07-21 19:16:58,874 - INFO - ✅ GradientBoosting (価格予測) 訓練完了
2025-07-21 19:16:58,876 - INFO - ✅ SVR (価格予測) 訓練完了
2025-07-21 19:16:58,876 - INFO - 方向予測モデル群を訓練中...
2025-07-21 19:17:00,925 - INFO - ✅ RandomForestClassifier (方向予測) 訓練完了
2025-07-21 19:17:09,162 - INFO - ✅ GradientBoostingClassifier (方向予測) 訓練完了
2025-07-21 19:17:10,467 - INFO - ✅ SVC (方向予測) 訓練完了
2025-07-21 19:17:10,472 - INFO - LinearRegression (価格予測):
2025-07-21 19:17:10,472 - INFO -   MSE: 0.000004
2025-07-21 19:17:10,473 - INFO -   MAE: 0.001037
2025-07-21 19:17:10,473 - INFO -   R²: -0.0345
2025-07-21 19:17:10,473 - INFO -   方向精度: 0.4812 (48.1%)
2025-07-21 19:17:10,477 - INFO - Ridge (価格予測):
2025-07-21 19:17:10,477 - INFO -   MSE: 0.000004
2025-07-21 19:17:10,478 - INFO -   MAE: 0.001031
2025-07-21 19:17:10,478 - INFO -   R²: -0.0308
2025-07-21 19:17:10,478 - INFO -   方向精度: 0.4944 (49.4%)
2025-07-21 19:17:10,482 - INFO - Lasso (価格予測):
2025-07-21 19:17:10,483 - INFO -   MSE: 0.000004
2025-07-21 19:17:10,483 - INFO -   MAE: 0.000999
2025-07-21 19:17:10,483 - INFO -   R²: -0.0063
2025-07-21 19:17:10,484 - INFO -   方向精度: 0.4229 (42.3%)
2025-07-21 19:17:10,506 - INFO - RandomForest (価格予測):
2025-07-21 19:17:10,506 - INFO -   MSE: 0.000005
2025-07-21 19:17:10,506 - INFO -   MAE: 0.001051
2025-07-21 19:17:10,506 - INFO -   R²: -0.1934
2025-07-21 19:17:10,506 - INFO -   方向精度: 0.5038 (50.4%)
2025-07-21 19:17:10,513 - INFO - GradientBoosting (価格予測):
2025-07-21 19:17:10,513 - INFO -   MSE: 0.000006
2025-07-21 19:17:10,513 - INFO -   MAE: 0.001168
2025-07-21 19:17:10,514 - INFO -   R²: -0.5425
2025-07-21 19:17:10,514 - INFO -   方向精度: 0.5395 (53.9%)
2025-07-21 19:17:10,519 - INFO - SVR (価格予測):
2025-07-21 19:17:10,520 - INFO -   MSE: 0.000028
2025-07-21 19:17:10,520 - INFO -   MAE: 0.004962
2025-07-21 19:17:10,520 - INFO -   R²: -6.0835
2025-07-21 19:17:10,520 - INFO -   方向精度: 0.4229 (42.3%)
2025-07-21 19:17:10,561 - INFO - RandomForestClassifier (方向予測):
2025-07-21 19:17:10,562 - INFO -   精度: 0.5902 (59.0%)
2025-07-21 19:17:10,571 - INFO - GradientBoostingClassifier (方向予測):
2025-07-21 19:17:10,571 - INFO -   精度: 0.5376 (53.8%)
2025-07-21 19:17:10,779 - INFO - SVC (方向予測):
2025-07-21 19:17:10,779 - INFO -   精度: 0.5677 (56.8%)
2025-07-21 19:17:10,779 - INFO - ✅ 6758: モデル準備完了
2025-07-21 19:17:10,779 - INFO -   最良価格予測: Lasso (MAE: 0.000999)
2025-07-21 19:17:10,780 - INFO -   最良方向予測: RandomForestClassifier (精度: 59.0%)
2025-07-21 19:17:10,780 - INFO - 高精度データ準備: 8306
2025-07-21 19:17:10,787 - INFO - 5m: 2691件
2025-07-21 19:17:10,789 - INFO - 1h: 287件
2025-07-21 19:17:10,791 - INFO - 1d: 0件
2025-07-21 19:17:12,279 - INFO - ファンダメンタルズデータ取得完了: 8306
2025-07-21 19:17:12,282 - INFO - ✅ 8306: ファンダメンタルズ特徴量を追加
2025-07-21 19:17:12,322 - INFO - 特徴量数: 89
2025-07-21 19:17:12,322 - INFO - 訓練データ: 2132件
2025-07-21 19:17:12,323 - INFO - テストデータ: 533件
2025-07-21 19:17:12,324 - INFO - 特徴量選択中...
2025-07-21 19:17:12,349 - INFO - 価格予測モデル群を訓練中...
2025-07-21 19:17:12,356 - INFO - ✅ LinearRegression (価格予測) 訓練完了
2025-07-21 19:17:12,357 - INFO - ✅ Ridge (価格予測) 訓練完了
2025-07-21 19:17:12,359 - INFO - ✅ Lasso (価格予測) 訓練完了
2025-07-21 19:17:30,344 - INFO - ✅ RandomForest (価格予測) 訓練完了
2025-07-21 19:17:43,068 - INFO - ✅ GradientBoosting (価格予測) 訓練完了
2025-07-21 19:17:43,070 - INFO - ✅ SVR (価格予測) 訓練完了
2025-07-21 19:17:43,070 - INFO - 方向予測モデル群を訓練中...
2025-07-21 19:17:45,087 - INFO - ✅ RandomForestClassifier (方向予測) 訓練完了
2025-07-21 19:17:53,870 - INFO - ✅ GradientBoostingClassifier (方向予測) 訓練完了
2025-07-21 19:17:55,191 - INFO - ✅ SVC (方向予測) 訓練完了
2025-07-21 19:17:55,196 - INFO - LinearRegression (価格予測):
2025-07-21 19:17:55,196 - INFO -   MSE: 0.000002
2025-07-21 19:17:55,197 - INFO -   MAE: 0.000760
2025-07-21 19:17:55,197 - INFO -   R²: -0.0340
2025-07-21 19:17:55,197 - INFO -   方向精度: 0.4503 (45.0%)
2025-07-21 19:17:55,202 - INFO - Ridge (価格予測):
2025-07-21 19:17:55,202 - INFO -   MSE: 0.000002
2025-07-21 19:17:55,202 - INFO -   MAE: 0.000757
2025-07-21 19:17:55,202 - INFO -   R²: -0.0259
2025-07-21 19:17:55,203 - INFO -   方向精度: 0.4522 (45.2%)
2025-07-21 19:17:55,207 - INFO - Lasso (価格予測):
2025-07-21 19:17:55,207 - INFO -   MSE: 0.000002
2025-07-21 19:17:55,207 - INFO -   MAE: 0.000726
2025-07-21 19:17:55,207 - INFO -   R²: -0.0000
2025-07-21 19:17:55,208 - INFO -   方向精度: 0.4184 (41.8%)
2025-07-21 19:17:55,228 - INFO - RandomForest (価格予測):
2025-07-21 19:17:55,228 - INFO -   MSE: 0.000002
2025-07-21 19:17:55,228 - INFO -   MAE: 0.000762
2025-07-21 19:17:55,228 - INFO -   R²: -0.0870
2025-07-21 19:17:55,229 - INFO -   方向精度: 0.4653 (46.5%)
2025-07-21 19:17:55,236 - INFO - GradientBoosting (価格予測):
2025-07-21 19:17:55,237 - INFO -   MSE: 0.000002
2025-07-21 19:17:55,237 - INFO -   MAE: 0.000851
2025-07-21 19:17:55,237 - INFO -   R²: -0.4411
2025-07-21 19:17:55,237 - INFO -   方向精度: 0.4597 (46.0%)
2025-07-21 19:17:55,241 - INFO - SVR (価格予測):
2025-07-21 19:17:55,242 - INFO -   MSE: 0.000003
2025-07-21 19:17:55,242 - INFO -   MAE: 0.001203
2025-07-21 19:17:55,242 - INFO -   R²: -0.5588
2025-07-21 19:17:55,242 - INFO -   方向精度: 0.5816 (58.2%)
2025-07-21 19:17:55,284 - INFO - RandomForestClassifier (方向予測):
2025-07-21 19:17:55,284 - INFO -   精度: 0.5610 (56.1%)
2025-07-21 19:17:55,293 - INFO - GradientBoostingClassifier (方向予測):
2025-07-21 19:17:55,293 - INFO -   精度: 0.5103 (51.0%)
2025-07-21 19:17:55,507 - INFO - SVC (方向予測):
2025-07-21 19:17:55,509 - INFO -   精度: 0.6023 (60.2%)
2025-07-21 19:17:55,510 - INFO - ✅ 8306: モデル準備完了
2025-07-21 19:17:55,510 - INFO -   最良価格予測: Lasso (MAE: 0.000726)
2025-07-21 19:17:55,510 - INFO -   最良方向予測: SVC (精度: 60.2%)
2025-07-21 19:17:55,511 - INFO - 📊 予測実行時刻: 2025-07-21 19:17:55
2025-07-21 19:17:55,511 - INFO - 
2025-07-21 19:17:55,511 - INFO - 🔍 7203 分析中...
2025-07-21 19:17:55,869 - INFO - ファンダメンタルズデータ取得完了: 7203
2025-07-21 19:17:55,872 - INFO - ✅ 7203: ファンダメンタルズ特徴量を追加
2025-07-21 19:17:55,883 - INFO - 📈 7203 予測結果:
2025-07-21 19:17:55,884 - INFO -   現在価格: ¥2516.00
2025-07-21 19:17:55,884 - INFO -   予測価格: ¥2515.92
2025-07-21 19:17:55,884 - INFO -   変化率: -0.003%
2025-07-21 19:17:55,884 - INFO -   方向: 上昇
2025-07-21 19:17:55,884 - INFO -   信頼度: 54.0%
2025-07-21 19:17:55,884 - INFO -   ⏸️ 取引信号: HOLD
2025-07-21 19:17:55,885 - INFO -   理由:  明確な信号なし、様子見推奨
2025-07-21 19:17:55,885 - INFO -   モデル性能: MAE=0.000834, 方向精度=54.8%
2025-07-21 19:17:55,885 - INFO - 
2025-07-21 19:17:55,885 - INFO - 🔍 6758 分析中...
2025-07-21 19:17:56,285 - INFO - ファンダメンタルズデータ取得完了: 6758
2025-07-21 19:17:56,288 - INFO - ✅ 6758: ファンダメンタルズ特徴量を追加
2025-07-21 19:17:56,315 - INFO - 📈 6758 予測結果:
2025-07-21 19:17:56,316 - INFO -   現在価格: ¥3558.00
2025-07-21 19:17:56,316 - INFO -   予測価格: ¥3558.00
2025-07-21 19:17:56,317 - INFO -   変化率: +0.000%
2025-07-21 19:17:56,317 - INFO -   方向: 下降
2025-07-21 19:17:56,317 - INFO -   信頼度: 51.7%
2025-07-21 19:17:56,317 - INFO -   ⏸️ 取引信号: HOLD
2025-07-21 19:17:56,318 - INFO -   理由:  明確な信号なし、様子見推奨
2025-07-21 19:17:56,318 - INFO -   モデル性能: MAE=0.000999, 方向精度=59.0%
2025-07-21 19:17:56,318 - INFO - 
2025-07-21 19:17:56,318 - INFO - 🔍 8306 分析中...
2025-07-21 19:17:56,685 - INFO - ファンダメンタルズデータ取得完了: 8306
2025-07-21 19:17:56,688 - INFO - ✅ 8306: ファンダメンタルズ特徴量を追加
2025-07-21 19:17:56,703 - INFO - 📈 8306 予測結果:
2025-07-21 19:17:56,704 - INFO -   現在価格: ¥1970.00
2025-07-21 19:17:56,704 - INFO -   予測価格: ¥1970.01
2025-07-21 19:17:56,704 - INFO -   変化率: +0.001%
2025-07-21 19:17:56,704 - INFO -   方向: 下降
2025-07-21 19:17:56,704 - INFO -   信頼度: 56.0%
2025-07-21 19:17:56,704 - INFO -   ⏸️ 取引信号: HOLD
2025-07-21 19:17:56,705 - INFO -   理由:  明確な信号なし、様子見推奨
2025-07-21 19:17:56,705 - INFO -   モデル性能: MAE=0.000726, 方向精度=60.2%
2025-07-21 19:17:56,705 - INFO - 
2025-07-21 19:17:56,705 - INFO - ✅ ライブデモ完了
2025-07-21 19:17:56,705 - INFO - ======================================================================
2025-07-21 19:43:53,008 - INFO - ファンダメンタルズデータベース初期化完了
2025-07-21 19:43:53,009 - INFO - 🚀 高精度リークフリーモデル - ライブ取引デモ開始
2025-07-21 19:43:53,009 - INFO - ======================================================================
2025-07-21 19:43:53,009 - INFO - 既存の訓練済みモデルを準備中...
2025-07-21 19:43:53,009 - INFO - 高精度データ準備: 7203
2025-07-21 19:43:53,017 - INFO - 5m: 2688件
2025-07-21 19:43:53,019 - INFO - 1h: 287件
2025-07-21 19:43:53,021 - INFO - 1d: 0件
2025-07-21 19:43:54,708 - INFO - ファンダメンタルズデータ取得完了: 7203
2025-07-21 19:43:54,711 - INFO - ✅ 7203: ファンダメンタルズ特徴量を追加
2025-07-21 19:43:54,754 - INFO - 特徴量数: 89
2025-07-21 19:43:54,754 - INFO - 訓練データ: 2128件
2025-07-21 19:43:54,754 - INFO - テストデータ: 533件
2025-07-21 19:43:54,755 - INFO - 特徴量選択中...
2025-07-21 19:43:54,781 - INFO - 価格予測モデル群を訓練中...
2025-07-21 19:43:54,787 - INFO - ✅ LinearRegression (価格予測) 訓練完了
2025-07-21 19:43:54,790 - INFO - ✅ Ridge (価格予測) 訓練完了
2025-07-21 19:43:54,792 - INFO - ✅ Lasso (価格予測) 訓練完了
2025-07-21 19:44:15,724 - INFO - ✅ RandomForest (価格予測) 訓練完了
2025-07-21 19:44:29,937 - INFO - ✅ GradientBoosting (価格予測) 訓練完了
2025-07-21 19:44:29,940 - INFO - ✅ SVR (価格予測) 訓練完了
2025-07-21 19:44:29,940 - INFO - 方向予測モデル群を訓練中...
2025-07-21 19:44:31,816 - INFO - ✅ RandomForestClassifier (方向予測) 訓練完了
2025-07-21 19:44:39,984 - INFO - ✅ GradientBoostingClassifier (方向予測) 訓練完了
2025-07-21 19:44:41,289 - INFO - ✅ SVC (方向予測) 訓練完了
2025-07-21 19:44:41,294 - INFO - LinearRegression (価格予測):
2025-07-21 19:44:41,294 - INFO -   MSE: 0.000002
2025-07-21 19:44:41,294 - INFO -   MAE: 0.000885
2025-07-21 19:44:41,295 - INFO -   R²: -0.0665
2025-07-21 19:44:41,295 - INFO -   方向精度: 0.4747 (47.5%)
2025-07-21 19:44:41,300 - INFO - Ridge (価格予測):
2025-07-21 19:44:41,300 - INFO -   MSE: 0.000002
2025-07-21 19:44:41,301 - INFO -   MAE: 0.000878
2025-07-21 19:44:41,301 - INFO -   R²: -0.0461
2025-07-21 19:44:41,301 - INFO -   方向精度: 0.5028 (50.3%)
2025-07-21 19:44:41,306 - INFO - Lasso (価格予測):
2025-07-21 19:44:41,306 - INFO -   MSE: 0.000002
2025-07-21 19:44:41,306 - INFO -   MAE: 0.000834
2025-07-21 19:44:41,306 - INFO -   R²: -0.0031
2025-07-21 19:44:41,307 - INFO -   方向精度: 0.5441 (54.4%)
2025-07-21 19:44:41,329 - INFO - RandomForest (価格予測):
2025-07-21 19:44:41,329 - INFO -   MSE: 0.000002
2025-07-21 19:44:41,329 - INFO -   MAE: 0.000869
2025-07-21 19:44:41,329 - INFO -   R²: -0.0369
2025-07-21 19:44:41,330 - INFO -   方向精度: 0.5272 (52.7%)
2025-07-21 19:44:41,336 - INFO - GradientBoosting (価格予測):
2025-07-21 19:44:41,336 - INFO -   MSE: 0.000002
2025-07-21 19:44:41,337 - INFO -   MAE: 0.000964
2025-07-21 19:44:41,337 - INFO -   R²: -0.2236
2025-07-21 19:44:41,337 - INFO -   方向精度: 0.5009 (50.1%)
2025-07-21 19:44:41,342 - INFO - SVR (価格予測):
2025-07-21 19:44:41,342 - INFO -   MSE: 0.000007
2025-07-21 19:44:41,342 - INFO -   MAE: 0.002426
2025-07-21 19:44:41,343 - INFO -   R²: -2.8154
2025-07-21 19:44:41,343 - INFO -   方向精度: 0.4559 (45.6%)
2025-07-21 19:44:41,381 - INFO - RandomForestClassifier (方向予測):
2025-07-21 19:44:41,381 - INFO -   精度: 0.5347 (53.5%)
2025-07-21 19:44:41,390 - INFO - GradientBoostingClassifier (方向予測):
2025-07-21 19:44:41,390 - INFO -   精度: 0.5478 (54.8%)
2025-07-21 19:44:41,609 - INFO - SVC (方向予測):
2025-07-21 19:44:41,609 - INFO -   精度: 0.5460 (54.6%)
2025-07-21 19:44:41,610 - INFO - ✅ 7203: モデル準備完了
2025-07-21 19:44:41,610 - INFO -   最良価格予測: Lasso (MAE: 0.000834)
2025-07-21 19:44:41,610 - INFO -   最良方向予測: GradientBoostingClassifier (精度: 54.8%)
2025-07-21 19:44:41,611 - INFO - 高精度データ準備: 6758
2025-07-21 19:44:41,617 - INFO - 5m: 2683件
2025-07-21 19:44:41,619 - INFO - 1h: 287件
2025-07-21 19:44:41,621 - INFO - 1d: 0件
2025-07-21 19:44:43,126 - INFO - ファンダメンタルズデータ取得完了: 6758
2025-07-21 19:44:43,129 - INFO - ✅ 6758: ファンダメンタルズ特徴量を追加
2025-07-21 19:44:43,168 - INFO - 特徴量数: 89
2025-07-21 19:44:43,169 - INFO - 訓練データ: 2125件
2025-07-21 19:44:43,169 - INFO - テストデータ: 532件
2025-07-21 19:44:43,170 - INFO - 特徴量選択中...
2025-07-21 19:44:43,194 - INFO - 価格予測モデル群を訓練中...
2025-07-21 19:44:43,199 - INFO - ✅ LinearRegression (価格予測) 訓練完了
2025-07-21 19:44:43,201 - INFO - ✅ Ridge (価格予測) 訓練完了
2025-07-21 19:44:43,203 - INFO - ✅ Lasso (価格予測) 訓練完了
