nohup: ignoring input
é€£ç¶šãƒ‡ãƒ¼ã‚¿åé›†ã‚’é–‹å§‹ã—ã¾ã™...

[2026-01-28 12:45:18] ãƒ‡ãƒ¼ã‚¿åé›†å®Ÿè¡Œ...
2026-01-28 03:45:19,077 - INFO - ============================================================
2026-01-28 03:45:19,077 - INFO - ãƒ‡ãƒ¼ã‚¿åé›†é–‹å§‹: 2026-01-28 03:45:19
2026-01-28 03:45:19,080 - INFO - å¯¾è±¡éŠ˜æŸ„: 216éŠ˜æŸ„
2026-01-28 03:45:23,026 - INFO - é€²æ—: 50/216
2026-01-28 03:45:26,927 - INFO - é€²æ—: 100/216
2026-01-28 03:45:30,327 - ERROR - $7732.T: possibly delisted; no price data found  (period=5d)
2026-01-28 03:45:30,565 - INFO - é€²æ—: 150/216
2026-01-28 03:45:31,668 - ERROR - $8028.T: possibly delisted; no price data found  (period=5d) (Yahoo error = "No data found, symbol may be delisted")
2026-01-28 03:45:32,379 - ERROR - $8423.T: possibly delisted; no price data found  (period=5d)
2026-01-28 03:45:34,449 - ERROR - $9062.T: possibly delisted; no price data found  (period=5d) (Yahoo error = "No data found, symbol may be delisted")
2026-01-28 03:45:34,976 - ERROR - $9086.T: possibly delisted; no price data found  (period=5d) (Yahoo error = "No data found, symbol may be delisted")
2026-01-28 03:45:35,464 - INFO - é€²æ—: 200/216
2026-01-28 03:45:36,244 - ERROR - $9437.T: possibly delisted; no price data found  (period=5d) (Yahoo error = "No data found, symbol may be delisted")
2026-01-28 03:45:37,003 - ERROR - $9613.T: possibly delisted; no price data found  (period=5d) (Yahoo error = "No data found, symbol may be delisted")
2026-01-28 03:45:37,454 - ERROR - $9681.T: possibly delisted; no price data found  (period=5d) (Yahoo error = "No data found, symbol may be delisted")
2026-01-28 03:45:37,792 - INFO - âœ… åé›†å®Œäº†: 208éŠ˜æŸ„, 60661ä»¶ã®ãƒ‡ãƒ¼ã‚¿ã‚’ä¿å­˜
2026-01-28 03:45:37,800 - INFO - ãƒ‡ãƒ¼ã‚¿ãƒ™ãƒ¼ã‚¹ç·ä»¶æ•°: 60,661ä»¶
2026-01-28 03:45:37,800 - INFO - ============================================================
å®Ÿè¡Œæ™‚é–“: 19ç§’
âœ… åé›†å®Œäº† - æ¬¡å›ã¯5åˆ†å¾Œ

[2026-01-28 12:50:37] ãƒ‡ãƒ¼ã‚¿åé›†å®Ÿè¡Œ...
2026-01-28 03:50:38,512 - INFO - ============================================================
2026-01-28 03:50:38,512 - INFO - ãƒ‡ãƒ¼ã‚¿åé›†é–‹å§‹: 2026-01-28 03:50:38
2026-01-28 03:50:38,515 - INFO - å¯¾è±¡éŠ˜æŸ„: 216éŠ˜æŸ„
2026-01-28 03:50:42,406 - INFO - é€²æ—: 50/216
2026-01-28 03:50:46,117 - INFO - é€²æ—: 100/216
2026-01-28 03:50:49,581 - ERROR - $7732.T: possibly delisted; no price data found  (period=5d)
2026-01-28 03:50:49,782 - INFO - é€²æ—: 150/216
2026-01-28 03:50:50,943 - ERROR - $8028.T: possibly delisted; no price data found  (period=5d) (Yahoo error = "No data found, symbol may be delisted")
2026-01-28 03:50:51,616 - ERROR - $8423.T: possibly delisted; no price data found  (period=5d)
2026-01-28 03:50:53,953 - ERROR - $9062.T: possibly delisted; no price data found  (period=5d) (Yahoo error = "No data found, symbol may be delisted")
2026-01-28 03:50:54,478 - ERROR - $9086.T: possibly delisted; no price data found  (period=5d) (Yahoo error = "No data found, symbol may be delisted")
2026-01-28 03:50:54,894 - INFO - é€²æ—: 200/216
2026-01-28 03:50:55,655 - ERROR - $9437.T: possibly delisted; no price data found  (period=5d) (Yahoo error = "No data found, symbol may be delisted")
2026-01-28 03:50:56,845 - ERROR - $9613.T: possibly delisted; no price data found  (period=5d) (Yahoo error = "No data found, symbol may be delisted")
2026-01-28 03:50:57,307 - ERROR - $9681.T: possibly delisted; no price data found  (period=5d) (Yahoo error = "No data found, symbol may be delisted")
2026-01-28 03:50:57,693 - INFO - âœ… åé›†å®Œäº†: 208éŠ˜æŸ„, 60858ä»¶ã®ãƒ‡ãƒ¼ã‚¿ã‚’ä¿å­˜
2026-01-28 03:50:57,700 - INFO - ãƒ‡ãƒ¼ã‚¿ãƒ™ãƒ¼ã‚¹ç·ä»¶æ•°: 60,858ä»¶
2026-01-28 03:50:57,700 - INFO - ============================================================
å®Ÿè¡Œæ™‚é–“: 20ç§’
âœ… åé›†å®Œäº† - æ¬¡å›ã¯5åˆ†å¾Œ

[2026-01-28 12:55:57] ãƒ‡ãƒ¼ã‚¿åé›†å®Ÿè¡Œ...
2026-01-28 03:55:58,357 - INFO - ============================================================
2026-01-28 03:55:58,357 - INFO - ãƒ‡ãƒ¼ã‚¿åé›†é–‹å§‹: 2026-01-28 03:55:58
2026-01-28 03:55:58,360 - INFO - å¯¾è±¡éŠ˜æŸ„: 216éŠ˜æŸ„
2026-01-28 03:56:02,284 - INFO - é€²æ—: 50/216
2026-01-28 03:56:06,044 - INFO - é€²æ—: 100/216
2026-01-28 03:56:09,410 - ERROR - $7732.T: possibly delisted; no price data found  (period=5d)
2026-01-28 03:56:09,645 - INFO - é€²æ—: 150/216
2026-01-28 03:56:10,743 - ERROR - $8028.T: possibly delisted; no price data found  (period=5d) (Yahoo error = "No data found, symbol may be delisted")
2026-01-28 03:56:11,456 - ERROR - $8423.T: possibly delisted; no price data found  (period=5d)
2026-01-28 03:56:13,646 - ERROR - $9062.T: possibly delisted; no price data found  (period=5d) (Yahoo error = "No data found, symbol may be delisted")
2026-01-28 03:56:14,166 - ERROR - $9086.T: possibly delisted; no price data found  (period=5d) (Yahoo error = "No data found, symbol may be delisted")
2026-01-28 03:56:14,594 - INFO - é€²æ—: 200/216
2026-01-28 03:56:15,705 - ERROR - $9437.T: possibly delisted; no price data found  (period=5d) (Yahoo error = "No data found, symbol may be delisted")
2026-01-28 03:56:16,574 - ERROR - $9613.T: possibly delisted; no price data found  (period=5d) (Yahoo error = "No data found, symbol may be delisted")
2026-01-28 03:56:17,043 - ERROR - $9681.T: possibly delisted; no price data found  (period=5d) (Yahoo error = "No data found, symbol may be delisted")
2026-01-28 03:56:17,393 - INFO - âœ… åé›†å®Œäº†: 208éŠ˜æŸ„, 61074ä»¶ã®ãƒ‡ãƒ¼ã‚¿ã‚’ä¿å­˜
2026-01-28 03:56:17,401 - INFO - ãƒ‡ãƒ¼ã‚¿ãƒ™ãƒ¼ã‚¹ç·ä»¶æ•°: 61,074ä»¶
2026-01-28 03:56:17,402 - INFO - ============================================================
å®Ÿè¡Œæ™‚é–“: 20ç§’
âœ… åé›†å®Œäº† - æ¬¡å›ã¯5åˆ†å¾Œ

[2026-01-28 13:01:17] ãƒ‡ãƒ¼ã‚¿åé›†å®Ÿè¡Œ...
2026-01-28 04:01:18,262 - INFO - ============================================================
2026-01-28 04:01:18,262 - INFO - ãƒ‡ãƒ¼ã‚¿åé›†é–‹å§‹: 2026-01-28 04:01:18
2026-01-28 04:01:18,265 - INFO - å¯¾è±¡éŠ˜æŸ„: 216éŠ˜æŸ„
2026-01-28 04:01:21,962 - INFO - é€²æ—: 50/216
2026-01-28 04:01:26,522 - INFO - é€²æ—: 100/216
2026-01-28 04:01:30,545 - ERROR - $7732.T: possibly delisted; no price data found  (period=5d)
2026-01-28 04:01:30,738 - INFO - é€²æ—: 150/216
2026-01-28 04:01:32,077 - ERROR - $8028.T: possibly delisted; no price data found  (period=5d) (Yahoo error = "No data found, symbol may be delisted")
2026-01-28 04:01:33,057 - ERROR - $8423.T: possibly delisted; no price data found  (period=5d)
2026-01-28 04:01:35,827 - ERROR - $9062.T: possibly delisted; no price data found  (period=5d) (Yahoo error = "No data found, symbol may be delisted")
2026-01-28 04:01:36,428 - ERROR - $9086.T: possibly delisted; no price data found  (period=5d) (Yahoo error = "No data found, symbol may be delisted")
2026-01-28 04:01:36,998 - INFO - é€²æ—: 200/216
2026-01-28 04:01:38,177 - WARNING - 9437.T: Too Many Requests. Rate limited. Try after a while.
2026-01-28 04:01:40,225 - WARNING - 9613.T: Too Many Requests. Rate limited. Try after a while.
2026-01-28 04:01:40,652 - ERROR - $9681.T: possibly delisted; no price data found  (period=5d) (Yahoo error = "No data found, symbol may be delisted")
2026-01-28 04:01:40,979 - INFO - âœ… åé›†å®Œäº†: 208éŠ˜æŸ„, 61279ä»¶ã®ãƒ‡ãƒ¼ã‚¿ã‚’ä¿å­˜
2026-01-28 04:01:41,024 - INFO - ãƒ‡ãƒ¼ã‚¿ãƒ™ãƒ¼ã‚¹ç·ä»¶æ•°: 61,279ä»¶
2026-01-28 04:01:41,024 - INFO - ============================================================
å®Ÿè¡Œæ™‚é–“: 24ç§’
âœ… åé›†å®Œäº† - æ¬¡å›ã¯5åˆ†å¾Œ

[2026-01-28 13:06:41] ãƒ‡ãƒ¼ã‚¿åé›†å®Ÿè¡Œ...
2026-01-28 04:06:41,871 - INFO - ============================================================
2026-01-28 04:06:41,871 - INFO - ãƒ‡ãƒ¼ã‚¿åé›†é–‹å§‹: 2026-01-28 04:06:41
2026-01-28 04:06:41,875 - INFO - å¯¾è±¡éŠ˜æŸ„: 216éŠ˜æŸ„
2026-01-28 04:06:45,932 - INFO - é€²æ—: 50/216
2026-01-28 04:06:49,671 - INFO - é€²æ—: 100/216
2026-01-28 04:06:53,071 - ERROR - $7732.T: possibly delisted; no price data found  (period=5d)
2026-01-28 04:06:53,287 - INFO - é€²æ—: 150/216
2026-01-28 04:06:54,349 - ERROR - $8028.T: possibly delisted; no price data found  (period=5d) (Yahoo error = "No data found, symbol may be delisted")
2026-01-28 04:06:54,978 - ERROR - $8423.T: possibly delisted; no price data found  (period=5d)
2026-01-28 04:06:57,067 - ERROR - $9062.T: possibly delisted; no price data found  (period=5d) (Yahoo error = "No data found, symbol may be delisted")
2026-01-28 04:06:57,579 - ERROR - $9086.T: possibly delisted; no price data found  (period=5d) (Yahoo error = "No data found, symbol may be delisted")
2026-01-28 04:06:58,029 - INFO - é€²æ—: 200/216
2026-01-28 04:06:58,775 - ERROR - $9437.T: possibly delisted; no price data found  (period=5d) (Yahoo error = "No data found, symbol may be delisted")
2026-01-28 04:06:59,655 - ERROR - $9613.T: possibly delisted; no price data found  (period=5d) (Yahoo error = "No data found, symbol may be delisted")
2026-01-28 04:07:00,111 - ERROR - $9681.T: possibly delisted; no price data found  (period=5d) (Yahoo error = "No data found, symbol may be delisted")
2026-01-28 04:07:00,464 - INFO - âœ… åé›†å®Œäº†: 208éŠ˜æŸ„, 61489ä»¶ã®ãƒ‡ãƒ¼ã‚¿ã‚’ä¿å­˜
2026-01-28 04:07:00,474 - INFO - ãƒ‡ãƒ¼ã‚¿ãƒ™ãƒ¼ã‚¹ç·ä»¶æ•°: 61,489ä»¶
2026-01-28 04:07:00,474 - INFO - ============================================================
å®Ÿè¡Œæ™‚é–“: 19ç§’
âœ… åé›†å®Œäº† - æ¬¡å›ã¯5åˆ†å¾Œ

[2026-01-28 13:12:00] ãƒ‡ãƒ¼ã‚¿åé›†å®Ÿè¡Œ...
2026-01-28 04:12:01,203 - INFO - ============================================================
2026-01-28 04:12:01,203 - INFO - ãƒ‡ãƒ¼ã‚¿åé›†é–‹å§‹: 2026-01-28 04:12:01
2026-01-28 04:12:01,206 - INFO - å¯¾è±¡éŠ˜æŸ„: 216éŠ˜æŸ„
2026-01-28 04:12:05,275 - INFO - é€²æ—: 50/216
2026-01-28 04:12:09,151 - INFO - é€²æ—: 100/216
2026-01-28 04:12:12,639 - ERROR - $7732.T: possibly delisted; no price data found  (period=5d)
2026-01-28 04:12:12,861 - INFO - é€²æ—: 150/216
2026-01-28 04:12:13,960 - ERROR - $8028.T: possibly delisted; no price data found  (period=5d) (Yahoo error = "No data found, symbol may be delisted")
2026-01-28 04:12:14,660 - ERROR - $8423.T: possibly delisted; no price data found  (period=5d)
2026-01-28 04:12:17,039 - ERROR - $9062.T: possibly delisted; no price data found  (period=5d) (Yahoo error = "No data found, symbol may be delisted")
2026-01-28 04:12:17,538 - ERROR - $9086.T: possibly delisted; no price data found  (period=5d) (Yahoo error = "No data found, symbol may be delisted")
2026-01-28 04:12:18,018 - INFO - é€²æ—: 200/216
2026-01-28 04:12:18,727 - ERROR - $9437.T: possibly delisted; no price data found  (period=5d) (Yahoo error = "No data found, symbol may be delisted")
2026-01-28 04:12:19,893 - ERROR - $9613.T: possibly delisted; no price data found  (period=5d) (Yahoo error = "No data found, symbol may be delisted")
2026-01-28 04:12:20,327 - ERROR - $9681.T: possibly delisted; no price data found  (period=5d) (Yahoo error = "No data found, symbol may be delisted")
2026-01-28 04:12:20,671 - INFO - âœ… åé›†å®Œäº†: 208éŠ˜æŸ„, 61695ä»¶ã®ãƒ‡ãƒ¼ã‚¿ã‚’ä¿å­˜
2026-01-28 04:12:20,680 - INFO - ãƒ‡ãƒ¼ã‚¿ãƒ™ãƒ¼ã‚¹ç·ä»¶æ•°: 61,695ä»¶
2026-01-28 04:12:20,680 - INFO - ============================================================
å®Ÿè¡Œæ™‚é–“: 20ç§’
âœ… åé›†å®Œäº† - æ¬¡å›ã¯5åˆ†å¾Œ

[2026-01-28 13:17:20] ãƒ‡ãƒ¼ã‚¿åé›†å®Ÿè¡Œ...
2026-01-28 04:17:21,429 - INFO - ============================================================
2026-01-28 04:17:21,429 - INFO - ãƒ‡ãƒ¼ã‚¿åé›†é–‹å§‹: 2026-01-28 04:17:21
2026-01-28 04:17:21,432 - INFO - å¯¾è±¡éŠ˜æŸ„: 216éŠ˜æŸ„
2026-01-28 04:17:25,487 - INFO - é€²æ—: 50/216
2026-01-28 04:17:29,380 - INFO - é€²æ—: 100/216
2026-01-28 04:17:32,951 - ERROR - $7732.T: possibly delisted; no price data found  (period=5d)
2026-01-28 04:17:33,182 - INFO - é€²æ—: 150/216
2026-01-28 04:17:34,319 - ERROR - $8028.T: possibly delisted; no price data found  (period=5d) (Yahoo error = "No data found, symbol may be delisted")
2026-01-28 04:17:35,045 - ERROR - $8423.T: possibly delisted; no price data found  (period=5d)
2026-01-28 04:17:37,489 - ERROR - $9062.T: possibly delisted; no price data found  (period=5d) (Yahoo error = "No data found, symbol may be delisted")
2026-01-28 04:17:38,000 - ERROR - $9086.T: possibly delisted; no price data found  (period=5d) (Yahoo error = "No data found, symbol may be delisted")
2026-01-28 04:17:38,468 - INFO - é€²æ—: 200/216
2026-01-28 04:17:39,540 - ERROR - $9437.T: possibly delisted; no price data found  (period=5d) (Yahoo error = "No data found, symbol may be delisted")
2026-01-28 04:17:40,469 - ERROR - $9613.T: possibly delisted; no price data found  (period=5d) (Yahoo error = "No data found, symbol may be delisted")
2026-01-28 04:17:40,901 - ERROR - $9681.T: possibly delisted; no price data found  (period=5d) (Yahoo error = "No data found, symbol may be delisted")
2026-01-28 04:17:41,260 - INFO - âœ… åé›†å®Œäº†: 208éŠ˜æŸ„, 61901ä»¶ã®ãƒ‡ãƒ¼ã‚¿ã‚’ä¿å­˜
2026-01-28 04:17:41,268 - INFO - ãƒ‡ãƒ¼ã‚¿ãƒ™ãƒ¼ã‚¹ç·ä»¶æ•°: 61,901ä»¶
2026-01-28 04:17:41,268 - INFO - ============================================================
å®Ÿè¡Œæ™‚é–“: 21ç§’
âœ… åé›†å®Œäº† - æ¬¡å›ã¯5åˆ†å¾Œ

[2026-01-28 13:22:41] ãƒ‡ãƒ¼ã‚¿åé›†å®Ÿè¡Œ...
2026-01-28 04:22:41,948 - INFO - ============================================================
2026-01-28 04:22:41,948 - INFO - ãƒ‡ãƒ¼ã‚¿åé›†é–‹å§‹: 2026-01-28 04:22:41
2026-01-28 04:22:41,951 - INFO - å¯¾è±¡éŠ˜æŸ„: 216éŠ˜æŸ„
2026-01-28 04:22:46,092 - INFO - é€²æ—: 50/216
2026-01-28 04:22:50,000 - INFO - é€²æ—: 100/216
2026-01-28 04:22:53,640 - ERROR - $7732.T: possibly delisted; no price data found  (period=5d)
2026-01-28 04:22:53,849 - INFO - é€²æ—: 150/216
2026-01-28 04:22:54,974 - ERROR - $8028.T: possibly delisted; no price data found  (period=5d) (Yahoo error = "No data found, symbol may be delisted")
2026-01-28 04:22:55,691 - ERROR - $8423.T: possibly delisted; no price data found  (period=5d)
2026-01-28 04:22:57,860 - ERROR - $9062.T: possibly delisted; no price data found  (period=5d) (Yahoo error = "No data found, symbol may be delisted")
2026-01-28 04:22:58,403 - ERROR - $9086.T: possibly delisted; no price data found  (period=5d) (Yahoo error = "No data found, symbol may be delisted")
2026-01-28 04:22:58,832 - INFO - é€²æ—: 200/216
2026-01-28 04:22:59,556 - ERROR - $9437.T: possibly delisted; no price data found  (period=5d) (Yahoo error = "No data found, symbol may be delisted")
2026-01-28 04:23:00,456 - ERROR - $9613.T: possibly delisted; no price data found  (period=5d) (Yahoo error = "No data found, symbol may be delisted")
2026-01-28 04:23:00,919 - ERROR - $9681.T: possibly delisted; no price data found  (period=5d) (Yahoo error = "No data found, symbol may be delisted")
2026-01-28 04:23:01,300 - INFO - âœ… åé›†å®Œäº†: 208éŠ˜æŸ„, 62108ä»¶ã®ãƒ‡ãƒ¼ã‚¿ã‚’ä¿å­˜
2026-01-28 04:23:01,309 - INFO - ãƒ‡ãƒ¼ã‚¿ãƒ™ãƒ¼ã‚¹ç·ä»¶æ•°: 62,108ä»¶
2026-01-28 04:23:01,309 - INFO - ============================================================
å®Ÿè¡Œæ™‚é–“: 20ç§’
âœ… åé›†å®Œäº† - æ¬¡å›ã¯5åˆ†å¾Œ

[2026-01-28 13:28:01] ãƒ‡ãƒ¼ã‚¿åé›†å®Ÿè¡Œ...
2026-01-28 04:28:01,980 - INFO - ============================================================
2026-01-28 04:28:01,980 - INFO - ãƒ‡ãƒ¼ã‚¿åé›†é–‹å§‹: 2026-01-28 04:28:01
2026-01-28 04:28:01,983 - INFO - å¯¾è±¡éŠ˜æŸ„: 216éŠ˜æŸ„
2026-01-28 04:28:05,927 - INFO - é€²æ—: 50/216
2026-01-28 04:28:09,564 - INFO - é€²æ—: 100/216
2026-01-28 04:28:12,824 - ERROR - $7732.T: possibly delisted; no price data found  (period=5d)
2026-01-28 04:28:13,042 - INFO - é€²æ—: 150/216
2026-01-28 04:28:14,189 - ERROR - $8028.T: possibly delisted; no price data found  (period=5d) (Yahoo error = "No data found, symbol may be delisted")
2026-01-28 04:28:14,852 - ERROR - $8423.T: possibly delisted; no price data found  (period=5d)
2026-01-28 04:28:16,790 - ERROR - $9062.T: possibly delisted; no price data found  (period=5d) (Yahoo error = "No data found, symbol may be delisted")
2026-01-28 04:28:17,287 - ERROR - $9086.T: possibly delisted; no price data found  (period=5d) (Yahoo error = "No data found, symbol may be delisted")
2026-01-28 04:28:17,723 - INFO - é€²æ—: 200/216
2026-01-28 04:28:18,655 - ERROR - $9437.T: possibly delisted; no price data found  (period=5d) (Yahoo error = "No data found, symbol may be delisted")
2026-01-28 04:28:19,537 - ERROR - $9613.T: possibly delisted; no price data found  (period=5d) (Yahoo error = "No data found, symbol may be delisted")
2026-01-28 04:28:19,991 - ERROR - $9681.T: possibly delisted; no price data found  (period=5d) (Yahoo error = "No data found, symbol may be delisted")
2026-01-28 04:28:20,342 - INFO - âœ… åé›†å®Œäº†: 208éŠ˜æŸ„, 62317ä»¶ã®ãƒ‡ãƒ¼ã‚¿ã‚’ä¿å­˜
2026-01-28 04:28:20,352 - INFO - ãƒ‡ãƒ¼ã‚¿ãƒ™ãƒ¼ã‚¹ç·ä»¶æ•°: 62,317ä»¶
2026-01-28 04:28:20,352 - INFO - ============================================================
å®Ÿè¡Œæ™‚é–“: 19ç§’
âœ… åé›†å®Œäº† - æ¬¡å›ã¯5åˆ†å¾Œ

[2026-01-28 13:33:20] ãƒ‡ãƒ¼ã‚¿åé›†å®Ÿè¡Œ...
2026-01-28 04:33:21,018 - INFO - ============================================================
2026-01-28 04:33:21,018 - INFO - ãƒ‡ãƒ¼ã‚¿åé›†é–‹å§‹: 2026-01-28 04:33:21
2026-01-28 04:33:21,021 - INFO - å¯¾è±¡éŠ˜æŸ„: 216éŠ˜æŸ„
2026-01-28 04:33:25,510 - INFO - é€²æ—: 50/216
2026-01-28 04:33:29,072 - INFO - é€²æ—: 100/216
2026-01-28 04:33:32,406 - ERROR - $7732.T: possibly delisted; no price data found  (period=5d)
2026-01-28 04:33:32,610 - INFO - é€²æ—: 150/216
2026-01-28 04:33:33,677 - ERROR - $8028.T: possibly delisted; no price data found  (period=5d) (Yahoo error = "No data found, symbol may be delisted")
2026-01-28 04:33:34,392 - ERROR - $8423.T: possibly delisted; no price data found  (period=5d)
2026-01-28 04:33:36,458 - ERROR - $9062.T: possibly delisted; no price data found  (period=5d) (Yahoo error = "No data found, symbol may be delisted")
2026-01-28 04:33:36,986 - ERROR - $9086.T: possibly delisted; no price data found  (period=5d) (Yahoo error = "No data found, symbol may be delisted")
2026-01-28 04:33:37,433 - INFO - é€²æ—: 200/216
2026-01-28 04:33:38,871 - WARNING - 9437.T: Too Many Requests. Rate limited. Try after a while.
2026-01-28 04:33:40,006 - WARNING - 9613.T: Too Many Requests. Rate limited. Try after a while.
2026-01-28 04:33:40,789 - WARNING - 9681.T: Too Many Requests. Rate limited. Try after a while.
2026-01-28 04:33:41,370 - INFO - âœ… åé›†å®Œäº†: 208éŠ˜æŸ„, 62521ä»¶ã®ãƒ‡ãƒ¼ã‚¿ã‚’ä¿å­˜
2026-01-28 04:33:41,379 - INFO - ãƒ‡ãƒ¼ã‚¿ãƒ™ãƒ¼ã‚¹ç·ä»¶æ•°: 62,521ä»¶
2026-01-28 04:33:41,380 - INFO - ============================================================
å®Ÿè¡Œæ™‚é–“: 21ç§’
âœ… åé›†å®Œäº† - æ¬¡å›ã¯5åˆ†å¾Œ

[2026-01-28 13:38:41] ãƒ‡ãƒ¼ã‚¿åé›†å®Ÿè¡Œ...
2026-01-28 04:38:42,027 - INFO - ============================================================
2026-01-28 04:38:42,027 - INFO - ãƒ‡ãƒ¼ã‚¿åé›†é–‹å§‹: 2026-01-28 04:38:42
2026-01-28 04:38:42,030 - INFO - å¯¾è±¡éŠ˜æŸ„: 216éŠ˜æŸ„
2026-01-28 04:38:46,228 - INFO - é€²æ—: 50/216
2026-01-28 04:38:49,993 - INFO - é€²æ—: 100/216
2026-01-28 04:38:53,454 - ERROR - $7732.T: possibly delisted; no price data found  (period=5d)
2026-01-28 04:38:53,682 - INFO - é€²æ—: 150/216
2026-01-28 04:38:54,782 - ERROR - $8028.T: possibly delisted; no price data found  (period=5d) (Yahoo error = "No data found, symbol may be delisted")
2026-01-28 04:38:55,504 - ERROR - $8423.T: possibly delisted; no price data found  (period=5d)
2026-01-28 04:38:57,600 - ERROR - $9062.T: possibly delisted; no price data found  (period=5d) (Yahoo error = "No data found, symbol may be delisted")
2026-01-28 04:38:58,119 - ERROR - $9086.T: possibly delisted; no price data found  (period=5d) (Yahoo error = "No data found, symbol may be delisted")
2026-01-28 04:38:58,522 - INFO - é€²æ—: 200/216
2026-01-28 04:38:59,257 - ERROR - $9437.T: possibly delisted; no price data found  (period=5d) (Yahoo error = "No data found, symbol may be delisted")
2026-01-28 04:39:00,482 - ERROR - $9613.T: possibly delisted; no price data found  (period=5d) (Yahoo error = "No data found, symbol may be delisted")
2026-01-28 04:39:01,341 - ERROR - $9681.T: possibly delisted; no price data found  (period=5d) (Yahoo error = "No data found, symbol may be delisted")
2026-01-28 04:39:01,684 - INFO - âœ… åé›†å®Œäº†: 208éŠ˜æŸ„, 62729ä»¶ã®ãƒ‡ãƒ¼ã‚¿ã‚’ä¿å­˜
2026-01-28 04:39:01,692 - INFO - ãƒ‡ãƒ¼ã‚¿ãƒ™ãƒ¼ã‚¹ç·ä»¶æ•°: 62,729ä»¶
2026-01-28 04:39:01,692 - INFO - ============================================================
å®Ÿè¡Œæ™‚é–“: 20ç§’
âœ… åé›†å®Œäº† - æ¬¡å›ã¯5åˆ†å¾Œ

[2026-01-28 13:44:01] ãƒ‡ãƒ¼ã‚¿åé›†å®Ÿè¡Œ...
2026-01-28 04:44:02,363 - INFO - ============================================================
2026-01-28 04:44:02,363 - INFO - ãƒ‡ãƒ¼ã‚¿åé›†é–‹å§‹: 2026-01-28 04:44:02
2026-01-28 04:44:02,366 - INFO - å¯¾è±¡éŠ˜æŸ„: 216éŠ˜æŸ„
2026-01-28 04:44:06,180 - INFO - é€²æ—: 50/216
2026-01-28 04:44:09,860 - INFO - é€²æ—: 100/216
2026-01-28 04:44:13,145 - ERROR - $7732.T: possibly delisted; no price data found  (period=5d)
2026-01-28 04:44:13,341 - INFO - é€²æ—: 150/216
2026-01-28 04:44:14,466 - ERROR - $8028.T: possibly delisted; no price data found  (period=5d) (Yahoo error = "No data found, symbol may be delisted")
2026-01-28 04:44:15,259 - ERROR - $8423.T: possibly delisted; no price data found  (period=5d)
2026-01-28 04:44:17,300 - ERROR - $9062.T: possibly delisted; no price data found  (period=5d) (Yahoo error = "No data found, symbol may be delisted")
2026-01-28 04:44:17,812 - ERROR - $9086.T: possibly delisted; no price data found  (period=5d) (Yahoo error = "No data found, symbol may be delisted")
2026-01-28 04:44:18,215 - INFO - é€²æ—: 200/216
2026-01-28 04:44:18,935 - ERROR - $9437.T: possibly delisted; no price data found  (period=5d) (Yahoo error = "No data found, symbol may be delisted")
2026-01-28 04:44:19,778 - ERROR - $9613.T: possibly delisted; no price data found  (period=5d) (Yahoo error = "No data found, symbol may be delisted")
2026-01-28 04:44:20,431 - ERROR - $9681.T: possibly delisted; no price data found  (period=5d) (Yahoo error = "No data found, symbol may be delisted")
2026-01-28 04:44:20,794 - INFO - âœ… åé›†å®Œäº†: 208éŠ˜æŸ„, 62936ä»¶ã®ãƒ‡ãƒ¼ã‚¿ã‚’ä¿å­˜
2026-01-28 04:44:20,802 - INFO - ãƒ‡ãƒ¼ã‚¿ãƒ™ãƒ¼ã‚¹ç·ä»¶æ•°: 62,936ä»¶
2026-01-28 04:44:20,802 - INFO - ============================================================
å®Ÿè¡Œæ™‚é–“: 19ç§’
âœ… åé›†å®Œäº† - æ¬¡å›ã¯5åˆ†å¾Œ
·ä»¶æ•°: 62,936ä»¶
2026-01-28 04:44:20,802 - INFO - ============================================================
å®Ÿè¡Œæ™‚é–“: 19ç§’
âœ… åé›†å®Œäº† - æ¬¡å›ã¯5åˆ†å¾Œ
