2026-01-27 01:16:29,487 - INFO - データベーステーブル初期化完了
2026-01-27 01:16:29,488 - INFO - 自動データ収集システム初期化完了
2026-01-27 01:16:29,488 - INFO - データベース: data/market_data.db
2026-01-27 01:16:29,509 - INFO - 銘柄リスト読み込み完了: 216銘柄
2026-01-27 01:16:29,509 - INFO - データ収集開始: 2026-01-26 ～ 2026-01-27
2026-01-27 01:16:29,509 - INFO - 対象銘柄: 216銘柄
2026-01-27 01:16:29,511 - INFO - Failed to create TzCache, reason: Error creating TzCache folder: '/home/codespace/.cache/py-yfinance' reason: [Errno 17] File exists: '/home/codespace/.cache/py-yfinance'. TzCache will not be used. Tip: You can direct cache to use a different location with 'set_tz_cache_location(mylocation)'
2026-01-27 01:16:30,282 - INFO - 進捗: 10/216 - 1332: 62件
2026-01-27 01:16:30,752 - INFO - 進捗: 20/216 - 2503: 62件
2026-01-27 01:16:31,057 - INFO - 進捗: 30/216 - 3402: 62件
2026-01-27 01:16:31,244 - INFO - 進捗: 40/216 - 4061: 62件
2026-01-27 01:16:31,447 - INFO - 進捗: 50/216 - 4324: 62件
2026-01-27 01:16:31,673 - INFO - 進捗: 60/216 - 4755: 62件
2026-01-27 01:16:31,872 - INFO - 進捗: 70/216 - 5333: 62件
2026-01-27 01:16:32,090 - INFO - 進捗: 80/216 - 5703: 62件
2026-01-27 01:16:32,272 - INFO - 進捗: 90/216 - 6178: 62件
2026-01-27 01:16:32,483 - INFO - 進捗: 100/216 - 6383: 62件
2026-01-27 01:16:32,696 - INFO - 進捗: 110/216 - 6703: 62件
2026-01-27 01:16:32,934 - INFO - 進捗: 120/216 - 6861: 62件
2026-01-27 01:16:33,217 - INFO - 進捗: 130/216 - 7164: 62件
2026-01-27 01:16:33,354 - ERROR - $7732.T: possibly delisted; no price data found  (5m 2026-01-26 01:16:29.509814 -> 2026-01-27 01:16:29.509814)
2026-01-27 01:16:33,372 - INFO - 進捗: 140/216 - 7732: データなし
2026-01-27 01:16:33,568 - INFO - 進捗: 150/216 - 7752: 62件
2026-01-27 01:16:33,860 - ERROR - $8028.T: possibly delisted; no timezone found
2026-01-27 01:16:33,984 - INFO - 進捗: 160/216 - 8031: 62件
2026-01-27 01:16:34,108 - ERROR - $8423.T: possibly delisted; no price data found  (5m 2026-01-26 01:16:29.509814 -> 2026-01-27 01:16:29.509814)
2026-01-27 01:16:34,188 - INFO - 進捗: 170/216 - 8604: 62件
2026-01-27 01:16:34,394 - INFO - 進捗: 180/216 - 9008: 62件
2026-01-27 01:16:34,710 - INFO - 進捗: 190/216 - 9021: 62件
2026-01-27 01:16:34,712 - ERROR - $9062.T: possibly delisted; no timezone found
2026-01-27 01:16:34,861 - ERROR - $9086.T: possibly delisted; no timezone found
2026-01-27 01:16:34,909 - INFO - 進捗: 200/216 - 9412: 62件
2026-01-27 01:16:35,070 - ERROR - $9437.T: possibly delisted; no timezone found
2026-01-27 01:16:35,330 - ERROR - $9681.T: possibly delisted; no timezone found
2026-01-27 01:16:35,341 - ERROR - $9613.T: possibly delisted; no timezone found
2026-01-27 01:16:35,350 - INFO - 進捗: 210/216 - 9613: データなし
2026-01-27 01:16:35,465 - INFO - 進捗: 216/216 - 9684: 62件
2026-01-27 01:16:35,580 - INFO - データ収集完了: 208/216銘柄, 12866件保存, 6.0秒
2026-01-27 01:17:30,892 - INFO - データベーステーブル初期化完了
2026-01-27 01:17:30,892 - INFO - 自動データ収集システム初期化完了
2026-01-27 01:17:30,892 - INFO - データベース: data/market_data.db
2026-01-27 01:28:39,911 - INFO - データベーステーブル初期化完了
2026-01-27 01:28:39,911 - INFO - 自動データ収集システム初期化完了
2026-01-27 01:28:39,911 - INFO - データベース: data/market_data.db
2026-01-27 01:31:21,287 - INFO - データベーステーブル初期化完了
2026-01-27 01:31:21,288 - INFO - 自動データ収集システム初期化完了
2026-01-27 01:31:21,288 - INFO - データベース: data/market_data.db
2026-01-27 01:31:21,309 - INFO - 銘柄リスト読み込み完了: 216銘柄
2026-01-27 01:31:21,309 - INFO - データ収集開始: 2026-01-22 ～ 2026-01-27
2026-01-27 01:31:21,309 - INFO - 対象銘柄: 216銘柄
2026-01-27 01:31:22,004 - INFO - 進捗: 10/216 - 1928: 184件
2026-01-27 01:31:22,292 - INFO - 進捗: 20/216 - 2802: 184件
2026-01-27 01:31:22,569 - INFO - 進捗: 30/216 - 3407: 184件
2026-01-27 01:31:22,897 - INFO - 進捗: 40/216 - 4208: 183件
2026-01-27 01:31:23,198 - INFO - 進捗: 50/216 - 4519: 184件
2026-01-27 01:31:23,643 - INFO - 進捗: 60/216 - 4911: 185件
2026-01-27 01:31:23,856 - INFO - 進捗: 70/216 - 5411: 184件
2026-01-27 01:31:24,104 - INFO - 進捗: 80/216 - 5703: 184件
2026-01-27 01:31:24,424 - INFO - 進捗: 90/216 - 6178: 184件
2026-01-27 01:31:24,874 - INFO - 進捗: 100/216 - 6361: 184件
2026-01-27 01:31:25,137 - INFO - 進捗: 110/216 - 6645: 184件
2026-01-27 01:31:25,472 - INFO - 進捗: 120/216 - 6841: 185件
2026-01-27 01:31:25,720 - INFO - 進捗: 130/216 - 6981: 184件
2026-01-27 01:31:26,111 - ERROR - $7732.T: possibly delisted; no price data found  (5m 2026-01-22 01:31:21.309739 -> 2026-01-27 01:31:21.309739)
2026-01-27 01:31:26,132 - INFO - 進捗: 140/216 - 7732: データなし
2026-01-27 01:31:26,542 - INFO - 進捗: 150/216 - 7832: 185件
2026-01-27 01:31:26,769 - ERROR - $8028.T: possibly delisted; no timezone found
2026-01-27 01:31:26,838 - INFO - 進捗: 160/216 - 8031: 184件
2026-01-27 01:31:27,076 - ERROR - $8423.T: possibly delisted; no price data found  (5m 2026-01-22 01:31:21.309739 -> 2026-01-27 01:31:21.309739)
2026-01-27 01:31:27,105 - INFO - 進捗: 170/216 - 8473: 184件
2026-01-27 01:31:27,381 - INFO - 進捗: 180/216 - 8804: 184件
2026-01-27 01:31:27,867 - ERROR - $9086.T: possibly delisted; no timezone found
2026-01-27 01:31:27,881 - INFO - 進捗: 190/216 - 9086: データなし
2026-01-27 01:31:27,930 - ERROR - $9062.T: possibly delisted; no timezone found
2026-01-27 01:31:28,183 - INFO - 進捗: 200/216 - 9201: 185件
2026-01-27 01:31:28,452 - ERROR - $9437.T: possibly delisted; no timezone found
2026-01-27 01:31:28,556 - ERROR - $9613.T: possibly delisted; no timezone found
2026-01-27 01:31:28,622 - INFO - 進捗: 210/216 - 9503: 184件
2026-01-27 01:31:28,704 - ERROR - $9681.T: possibly delisted; no timezone found
2026-01-27 01:31:28,866 - INFO - 進捗: 216/216 - 9983: 184件
2026-01-27 01:31:29,387 - INFO - データ収集完了: 208/216銘柄, 38222件保存, 7.6秒
2026-01-27 01:31:30,356 - INFO - データベーステーブル初期化完了
2026-01-27 01:31:30,356 - INFO - 自動データ収集システム初期化完了
2026-01-27 01:31:30,356 - INFO - データベース: data/market_data.db
2026-01-27 01:47:56,924 - INFO - データベーステーブル初期化完了
2026-01-27 01:47:56,924 - INFO - 自動データ収集システム初期化完了
2026-01-27 01:47:56,924 - INFO - データベース: data/market_data.db
2026-01-27 01:47:56,953 - INFO - 銘柄リスト読み込み完了: 216銘柄
2026-01-27 01:47:56,954 - INFO - データ収集開始: 2026-01-26 ～ 2026-01-27
2026-01-27 01:47:56,954 - INFO - 対象銘柄: 216銘柄
2026-01-27 01:47:57,661 - INFO - 進捗: 10/216 - 1802: 62件
2026-01-27 01:47:57,862 - INFO - 進捗: 20/216 - 3003: 62件
2026-01-27 01:47:58,132 - INFO - 進捗: 30/216 - 3401: 62件
2026-01-27 01:47:58,239 - INFO - 進捗: 40/216 - 4188: 62件
2026-01-27 01:47:58,487 - INFO - 進捗: 50/216 - 4502: 62件
2026-01-27 01:47:58,651 - INFO - 進捗: 60/216 - 5020: 62件
2026-01-27 01:47:58,838 - INFO - 進捗: 70/216 - 5101: 62件
2026-01-27 01:47:59,034 - INFO - 進捗: 80/216 - 5801: 62件
2026-01-27 01:47:59,215 - INFO - 進捗: 90/216 - 6301: 62件
2026-01-27 01:47:59,481 - INFO - 進捗: 100/216 - 6504: 62件
2026-01-27 01:47:59,620 - INFO - 進捗: 110/216 - 6758: 62件
2026-01-27 01:47:59,808 - INFO - 進捗: 120/216 - 6857: 62件
2026-01-27 01:48:00,010 - INFO - 進捗: 130/216 - 7011: 62件
2026-01-27 01:48:00,176 - INFO - 進捗: 140/216 - 7167: 62件
2026-01-27 01:48:00,235 - ERROR - $7732.T: possibly delisted; no price data found  (5m 2026-01-26 01:47:56.954020 -> 2026-01-27 01:47:56.954020)
2026-01-27 01:48:00,568 - INFO - 進捗: 150/216 - 7951: 62件
2026-01-27 01:48:00,768 - INFO - 進捗: 160/216 - 8031: 62件
2026-01-27 01:48:00,839 - ERROR - $8423.T: possibly delisted; no price data found  (5m 2026-01-26 01:47:56.954020 -> 2026-01-27 01:47:56.954020)
2026-01-27 01:48:00,987 - INFO - 進捗: 170/216 - 8316: 62件
2026-01-27 01:48:01,159 - ERROR - $8028.T: possibly delisted; no timezone found
2026-01-27 01:48:01,245 - INFO - 進捗: 180/216 - 9008: 62件
2026-01-27 01:48:01,352 - INFO - 進捗: 190/216 - 9064: 62件
2026-01-27 01:48:01,625 - ERROR - $9086.T: possibly delisted; no timezone found
2026-01-27 01:48:01,673 - INFO - 進捗: 200/216 - 9434: 62件
2026-01-27 01:48:01,814 - ERROR - $9437.T: possibly delisted; no timezone found
2026-01-27 01:48:01,869 - INFO - 進捗: 210/216 - 9983: 62件
2026-01-27 01:48:01,872 - ERROR - $9062.T: possibly delisted; no timezone found
2026-01-27 01:48:02,111 - ERROR - $9681.T: possibly delisted; no timezone found
2026-01-27 01:48:02,113 - ERROR - $9613.T: possibly delisted; no timezone found
2026-01-27 01:48:02,114 - INFO - 進捗: 216/216 - 9613: データなし
2026-01-27 01:48:02,515 - INFO - データ収集完了: 208/216銘柄, 12866件保存, 5.2秒
2026-01-27 01:53:03,533 - INFO - データベーステーブル初期化完了
2026-01-27 01:53:03,534 - INFO - 自動データ収集システム初期化完了
2026-01-27 01:53:03,534 - INFO - データベース: data/market_data.db
2026-01-27 01:53:03,554 - INFO - 銘柄リスト読み込み完了: 216銘柄
2026-01-27 01:53:03,554 - INFO - データ収集開始: 2026-01-26 ～ 2026-01-27
2026-01-27 01:53:03,554 - INFO - 対象銘柄: 216銘柄
2026-01-27 01:53:04,040 - INFO - 進捗: 10/216 - 1802: 62件
2026-01-27 01:53:04,239 - INFO - 進捗: 20/216 - 2501: 62件
2026-01-27 01:53:04,425 - INFO - 進捗: 30/216 - 3405: 62件
2026-01-27 01:53:04,589 - INFO - 進捗: 40/216 - 4061: 62件
2026-01-27 01:53:04,774 - INFO - 進捗: 50/216 - 4506: 62件
2026-01-27 01:53:04,968 - INFO - 進捗: 60/216 - 4704: 62件
2026-01-27 01:53:05,145 - INFO - 進捗: 70/216 - 5301: 62件
2026-01-27 01:53:05,492 - INFO - 進捗: 80/216 - 5706: 62件
2026-01-27 01:53:05,659 - INFO - 進捗: 90/216 - 6178: 62件
2026-01-27 01:53:05,817 - INFO - 進捗: 100/216 - 6383: 62件
2026-01-27 01:53:05,994 - INFO - 進捗: 110/216 - 6702: 61件
2026-01-27 01:53:06,279 - INFO - 進捗: 120/216 - 6902: 62件
2026-01-27 01:53:06,470 - INFO - 進捗: 130/216 - 6981: 62件
2026-01-27 01:53:06,651 - INFO - 進捗: 140/216 - 7012: 62件
2026-01-27 01:53:06,750 - ERROR - $7732.T: possibly delisted; no price data found  (5m 2026-01-26 01:53:03.554747 -> 2026-01-27 01:53:03.554747)
2026-01-27 01:53:06,835 - INFO - 進捗: 150/216 - 7735: 62件
2026-01-27 01:53:07,039 - INFO - 進捗: 160/216 - 8058: 62件
2026-01-27 01:53:07,274 - ERROR - $8423.T: possibly delisted; no price data found  (5m 2026-01-26 01:53:03.554747 -> 2026-01-27 01:53:03.554747)
2026-01-27 01:53:07,392 - INFO - 進捗: 170/216 - 8725: 62件
2026-01-27 01:53:07,539 - INFO - 進捗: 180/216 - 8802: 62件
2026-01-27 01:53:07,603 - ERROR - $8028.T: possibly delisted; no timezone found
2026-01-27 01:53:07,706 - INFO - 進捗: 190/216 - 9024: 62件
2026-01-27 01:53:08,141 - INFO - 進捗: 200/216 - 9433: 62件
2026-01-27 01:53:08,143 - ERROR - $9086.T: possibly delisted; no timezone found
2026-01-27 01:53:08,259 - ERROR - $9062.T: possibly delisted; no timezone found
2026-01-27 01:53:08,474 - ERROR - $9437.T: possibly delisted; no timezone found
2026-01-27 01:53:08,475 - ERROR - $9681.T: possibly delisted; no timezone found
2026-01-27 01:53:08,476 - INFO - 進捗: 210/216 - 9681: データなし
2026-01-27 01:53:08,514 - ERROR - $9613.T: possibly delisted; no timezone found
2026-01-27 01:53:08,560 - INFO - 進捗: 216/216 - 9735: 62件
2026-01-27 01:53:08,826 - INFO - データ収集完了: 208/216銘柄, 12866件保存, 5.0秒
2026-01-27 01:58:09,801 - INFO - データベーステーブル初期化完了
2026-01-27 01:58:09,801 - INFO - 自動データ収集システム初期化完了
2026-01-27 01:58:09,802 - INFO - データベース: data/market_data.db
2026-01-27 01:58:09,823 - INFO - 銘柄リスト読み込み完了: 216銘柄
2026-01-27 01:58:09,824 - INFO - データ収集開始: 2026-01-26 ～ 2026-01-27
2026-01-27 01:58:09,824 - INFO - 対象銘柄: 216銘柄
2026-01-27 01:58:10,697 - INFO - 進捗: 10/216 - 1963: 62件
2026-01-27 01:58:10,903 - INFO - 進捗: 20/216 - 2914: 62件
2026-01-27 01:58:11,121 - INFO - 進捗: 30/216 - 3105: 62件
2026-01-27 01:58:11,307 - INFO - 進捗: 40/216 - 4043: 62件
2026-01-27 01:58:11,573 - INFO - 進捗: 50/216 - 4506: 62件
2026-01-27 01:58:11,761 - INFO - 進捗: 60/216 - 4755: 62件
2026-01-27 01:58:11,993 - INFO - 進捗: 70/216 - 5332: 62件
2026-01-27 01:58:12,163 - INFO - 進捗: 80/216 - 5901: 62件
2026-01-27 01:58:12,323 - INFO - 進捗: 90/216 - 6302: 62件
2026-01-27 01:58:12,517 - INFO - 進捗: 100/216 - 6501: 62件
2026-01-27 01:58:12,735 - INFO - 進捗: 110/216 - 6702: 61件
2026-01-27 01:58:12,927 - INFO - 進捗: 120/216 - 6902: 62件
2026-01-27 01:58:13,224 - INFO - 進捗: 130/216 - 7012: 62件
2026-01-27 01:58:13,325 - INFO - 進捗: 140/216 - 7731: 62件
2026-01-27 01:58:13,326 - ERROR - $7732.T: possibly delisted; no price data found  (5m 2026-01-26 01:58:09.823985 -> 2026-01-27 01:58:09.823985)
2026-01-27 01:58:13,498 - INFO - 進捗: 150/216 - 7270: 62件
2026-01-27 01:58:13,734 - INFO - 進捗: 160/216 - 8031: 62件
2026-01-27 01:58:13,932 - ERROR - $8423.T: possibly delisted; no price data found  (5m 2026-01-26 01:58:09.823985 -> 2026-01-27 01:58:09.823985)
2026-01-27 01:58:13,965 - INFO - 進捗: 170/216 - 8630: 62件
2026-01-27 01:58:14,142 - INFO - 進捗: 180/216 - 8802: 62件
2026-01-27 01:58:14,144 - ERROR - $8028.T: possibly delisted; no timezone found
2026-01-27 01:58:14,320 - INFO - 進捗: 190/216 - 9020: 62件
2026-01-27 01:58:14,902 - ERROR - $9086.T: possibly delisted; no timezone found
2026-01-27 01:58:14,987 - INFO - 進捗: 200/216 - 9434: 62件
2026-01-27 01:58:15,686 - ERROR - $9613.T: possibly delisted; no timezone found
2026-01-27 01:58:15,696 - ERROR - $9062.T: possibly delisted; no timezone found
2026-01-27 01:58:15,697 - INFO - 進捗: 210/216 - 9613: データなし
2026-01-27 01:58:15,698 - ERROR - $9437.T: possibly delisted; no timezone found
2026-01-27 01:58:15,950 - ERROR - $9681.T: possibly delisted; no timezone found
2026-01-27 01:58:15,951 - INFO - 進捗: 216/216 - 9681: データなし
2026-01-27 01:58:16,215 - INFO - データ収集完了: 208/216銘柄, 12866件保存, 6.1秒
2026-01-27 02:03:17,331 - INFO - データベーステーブル初期化完了
2026-01-27 02:03:17,331 - INFO - 自動データ収集システム初期化完了
2026-01-27 02:03:17,331 - INFO - データベース: data/market_data.db
2026-01-27 02:03:17,353 - INFO - 銘柄リスト読み込み完了: 216銘柄
2026-01-27 02:03:17,353 - INFO - データ収集開始: 2026-01-26 ～ 2026-01-27
2026-01-27 02:03:17,353 - INFO - 対象銘柄: 216銘柄
2026-01-27 02:03:17,867 - INFO - 進捗: 10/216 - 1803: 62件
2026-01-27 02:03:18,062 - INFO - 進捗: 20/216 - 2503: 62件
2026-01-27 02:03:18,237 - INFO - 進捗: 30/216 - 3405: 62件
2026-01-27 02:03:18,438 - INFO - 進捗: 40/216 - 4203: 62件
2026-01-27 02:03:18,618 - INFO - 進捗: 50/216 - 4523: 62件
2026-01-27 02:03:18,806 - INFO - 進捗: 60/216 - 4751: 62件
2026-01-27 02:03:18,992 - INFO - 進捗: 70/216 - 5232: 62件
2026-01-27 02:03:19,213 - INFO - 進捗: 80/216 - 5541: 62件
2026-01-27 02:03:19,400 - INFO - 進捗: 90/216 - 6113: 62件
2026-01-27 02:03:19,604 - INFO - 進捗: 100/216 - 6473: 62件
2026-01-27 02:03:19,797 - INFO - 進捗: 110/216 - 6703: 62件
2026-01-27 02:03:19,960 - INFO - 進捗: 120/216 - 6857: 62件
2026-01-27 02:03:20,150 - INFO - 進捗: 130/216 - 6981: 62件
2026-01-27 02:03:20,327 - ERROR - $7732.T: possibly delisted; no price data found  (5m 2026-01-26 02:03:17.353710 -> 2026-01-27 02:03:17.353710)
2026-01-27 02:03:20,329 - INFO - 進捗: 140/216 - 7732: データなし
2026-01-27 02:03:20,551 - INFO - 進捗: 150/216 - 7832: 62件
2026-01-27 02:03:20,740 - INFO - 進捗: 160/216 - 8058: 62件
2026-01-27 02:03:20,967 - ERROR - $8423.T: possibly delisted; no price data found  (5m 2026-01-26 02:03:17.353710 -> 2026-01-27 02:03:17.353710)
2026-01-27 02:03:21,046 - INFO - 進捗: 170/216 - 8628: 62件
2026-01-27 02:03:21,256 - INFO - 進捗: 180/216 - 8795: 62件
2026-01-27 02:03:21,264 - ERROR - $8028.T: possibly delisted; no timezone found
2026-01-27 02:03:21,438 - INFO - 進捗: 190/216 - 9022: 62件
2026-01-27 02:03:21,803 - ERROR - $9086.T: possibly delisted; no timezone found
2026-01-27 02:03:21,804 - INFO - 進捗: 200/216 - 9086: データなし
2026-01-27 02:03:22,026 - ERROR - $9613.T: possibly delisted; no timezone found
2026-01-27 02:03:22,030 - ERROR - $9437.T: possibly delisted; no timezone found
2026-01-27 02:03:22,048 - INFO - 進捗: 210/216 - 9684: 62件
2026-01-27 02:03:22,069 - ERROR - $9062.T: possibly delisted; no timezone found
2026-01-27 02:03:22,302 - ERROR - $9681.T: possibly delisted; no timezone found
2026-01-27 02:03:22,302 - INFO - 進捗: 216/216 - 9681: データなし
2026-01-27 02:03:22,594 - INFO - データ収集完了: 208/216銘柄, 12866件保存, 5.0秒
2026-01-27 02:08:23,621 - INFO - データベーステーブル初期化完了
2026-01-27 02:08:23,621 - INFO - 自動データ収集システム初期化完了
2026-01-27 02:08:23,621 - INFO - データベース: data/market_data.db
2026-01-27 02:08:23,649 - INFO - 銘柄リスト読み込み完了: 216銘柄
2026-01-27 02:08:23,649 - INFO - データ収集開始: 2026-01-26 ～ 2026-01-27
2026-01-27 02:08:23,649 - INFO - 対象銘柄: 216銘柄
2026-01-27 02:08:24,168 - INFO - 進捗: 10/216 - 1301: 41件
2026-01-27 02:08:24,376 - INFO - 進捗: 20/216 - 3103: 62件
2026-01-27 02:08:24,551 - INFO - 進捗: 30/216 - 3407: 62件
2026-01-27 02:08:24,799 - INFO - 進捗: 40/216 - 4324: 62件
2026-01-27 02:08:24,987 - INFO - 進捗: 50/216 - 4578: 62件
2026-01-27 02:08:25,133 - INFO - 進捗: 60/216 - 4704: 62件
2026-01-27 02:08:25,324 - INFO - 進捗: 70/216 - 5332: 62件
2026-01-27 02:08:25,513 - INFO - 進捗: 80/216 - 5714: 62件
2026-01-27 02:08:25,784 - INFO - 進捗: 90/216 - 6305: 62件
2026-01-27 02:08:25,925 - INFO - 進捗: 100/216 - 6479: 62件
2026-01-27 02:08:26,109 - INFO - 進捗: 110/216 - 6506: 62件
2026-01-27 02:08:26,300 - INFO - 進捗: 120/216 - 6841: 62件
2026-01-27 02:08:26,489 - INFO - 進捗: 130/216 - 6976: 62件
2026-01-27 02:08:26,684 - ERROR - $7732.T: possibly delisted; no price data found  (5m 2026-01-26 02:08:23.649371 -> 2026-01-27 02:08:23.649371)
2026-01-27 02:08:26,693 - INFO - 進捗: 140/216 - 7732: データなし
2026-01-27 02:08:26,936 - INFO - 進捗: 150/216 - 7270: 62件
2026-01-27 02:08:27,106 - INFO - 進捗: 160/216 - 8031: 62件
2026-01-27 02:08:27,449 - INFO - 進捗: 170/216 - 8630: 62件
2026-01-27 02:08:27,485 - ERROR - $8423.T: possibly delisted; no price data found  (5m 2026-01-26 02:08:23.649371 -> 2026-01-27 02:08:23.649371)
2026-01-27 02:08:27,637 - INFO - 進捗: 180/216 - 9001: 62件
2026-01-27 02:08:27,725 - ERROR - $8028.T: possibly delisted; no timezone found
2026-01-27 02:08:27,828 - INFO - 進捗: 190/216 - 8028: データなし
2026-01-27 02:08:28,114 - INFO - 進捗: 200/216 - 9433: 62件
2026-01-27 02:08:28,138 - ERROR - $9062.T: possibly delisted; no timezone found
2026-01-27 02:08:28,277 - ERROR - $9437.T: possibly delisted; no timezone found
2026-01-27 02:08:28,377 - INFO - 進捗: 210/216 - 9684: 62件
2026-01-27 02:08:28,490 - ERROR - $9086.T: possibly delisted; no timezone found
2026-01-27 02:08:28,491 - ERROR - $9613.T: possibly delisted; no timezone found
2026-01-27 02:08:28,493 - ERROR - $9681.T: possibly delisted; no timezone found
2026-01-27 02:08:28,493 - INFO - 進捗: 216/216 - 9681: データなし
2026-01-27 02:08:28,745 - INFO - データ収集完了: 208/216銘柄, 12866件保存, 4.8秒
2026-01-27 02:13:29,763 - INFO - データベーステーブル初期化完了
2026-01-27 02:13:29,764 - INFO - 自動データ収集システム初期化完了
2026-01-27 02:13:29,764 - INFO - データベース: data/market_data.db
2026-01-27 02:13:29,784 - INFO - 銘柄リスト読み込み完了: 216銘柄
2026-01-27 02:13:29,784 - INFO - データ収集開始: 2026-01-26 ～ 2026-01-27
2026-01-27 02:13:29,784 - INFO - 対象銘柄: 216銘柄
2026-01-27 02:13:30,290 - INFO - 進捗: 10/216 - 1803: 62件
2026-01-27 02:13:30,541 - INFO - 進捗: 20/216 - 3003: 62件
2026-01-27 02:13:30,820 - INFO - 進捗: 30/216 - 3405: 62件
2026-01-27 02:13:30,934 - INFO - 進捗: 40/216 - 4188: 62件
2026-01-27 02:13:31,092 - INFO - 進捗: 50/216 - 4506: 62件
2026-01-27 02:13:31,285 - INFO - 進捗: 60/216 - 4716: 61件
2026-01-27 02:13:31,471 - INFO - 進捗: 70/216 - 5333: 62件
2026-01-27 02:13:31,656 - INFO - 進捗: 80/216 - 5541: 62件
2026-01-27 02:13:31,856 - INFO - 進捗: 90/216 - 6113: 62件
2026-01-27 02:13:32,051 - INFO - 進捗: 100/216 - 6479: 62件
2026-01-27 02:13:32,220 - INFO - 進捗: 110/216 - 6703: 62件
2026-01-27 02:13:32,396 - INFO - 進捗: 120/216 - 6902: 62件
2026-01-27 02:13:32,577 - INFO - 進捗: 130/216 - 7004: 62件
2026-01-27 02:13:32,775 - INFO - 進捗: 140/216 - 7201: 62件
2026-01-27 02:13:32,795 - ERROR - $7732.T: possibly delisted; no price data found  (5m 2026-01-26 02:13:29.784438 -> 2026-01-27 02:13:29.784438)
2026-01-27 02:13:32,966 - INFO - 進捗: 150/216 - 7752: 62件
2026-01-27 02:13:33,205 - INFO - 進捗: 160/216 - 8035: 62件
2026-01-27 02:13:33,351 - ERROR - $8423.T: possibly delisted; no price data found  (5m 2026-01-26 02:13:29.784438 -> 2026-01-27 02:13:29.784438)
2026-01-27 02:13:33,572 - INFO - 進捗: 170/216 - 8697: 62件
2026-01-27 02:13:33,733 - INFO - 進捗: 180/216 - 9005: 62件
2026-01-27 02:13:33,766 - ERROR - $8028.T: possibly delisted; no timezone found
2026-01-27 02:13:33,917 - INFO - 進捗: 190/216 - 9064: 62件
2026-01-27 02:13:34,251 - ERROR - $9086.T: possibly delisted; no timezone found
2026-01-27 02:13:34,252 - INFO - 進捗: 200/216 - 9086: データなし
2026-01-27 02:13:34,539 - ERROR - $9613.T: possibly delisted; no timezone found
2026-01-27 02:13:34,540 - ERROR - $9062.T: possibly delisted; no timezone found
2026-01-27 02:13:34,542 - ERROR - $9681.T: possibly delisted; no timezone found
2026-01-27 02:13:34,543 - INFO - 進捗: 210/216 - 9681: データなし
2026-01-27 02:13:34,598 - ERROR - $9437.T: possibly delisted; no timezone found
2026-01-27 02:13:34,630 - INFO - 進捗: 216/216 - 9984: 61件
2026-01-27 02:13:34,932 - INFO - データ収集完了: 208/216銘柄, 12866件保存, 4.8秒
2026-01-27 02:18:35,926 - INFO - データベーステーブル初期化完了
2026-01-27 02:18:35,926 - INFO - 自動データ収集システム初期化完了
2026-01-27 02:18:35,926 - INFO - データベース: data/market_data.db
2026-01-27 02:18:35,947 - INFO - 銘柄リスト読み込み完了: 216銘柄
2026-01-27 02:18:35,947 - INFO - データ収集開始: 2026-01-26 ～ 2026-01-27
2026-01-27 02:18:35,947 - INFO - 対象銘柄: 216銘柄
2026-01-27 02:18:36,447 - INFO - 進捗: 10/216 - 1801: 62件
2026-01-27 02:18:36,731 - INFO - 進捗: 20/216 - 2801: 62件
2026-01-27 02:18:36,966 - INFO - 進捗: 30/216 - 3405: 62件
2026-01-27 02:18:37,075 - INFO - 進捗: 40/216 - 4452: 62件
2026-01-27 02:18:37,319 - INFO - 進捗: 50/216 - 4523: 62件
2026-01-27 02:18:37,474 - INFO - 進捗: 60/216 - 4901: 62件
2026-01-27 02:18:37,639 - INFO - 進捗: 70/216 - 5202: 62件
2026-01-27 02:18:37,836 - INFO - 進捗: 80/216 - 5801: 62件
2026-01-27 02:18:38,014 - INFO - 進捗: 90/216 - 6298: 61件
2026-01-27 02:18:38,207 - INFO - 進捗: 100/216 - 6383: 62件
2026-01-27 02:18:38,478 - INFO - 進捗: 110/216 - 6703: 62件
2026-01-27 02:18:38,594 - INFO - 進捗: 120/216 - 6952: 62件
2026-01-27 02:18:38,856 - INFO - 進捗: 130/216 - 6981: 62件
2026-01-27 02:18:39,018 - INFO - 進捗: 140/216 - 7205: 61件
2026-01-27 02:18:39,095 - ERROR - $7732.T: possibly delisted; no price data found  (5m 2026-01-26 02:18:35.947145 -> 2026-01-27 02:18:35.947145)
2026-01-27 02:18:39,210 - INFO - 進捗: 150/216 - 7752: 62件
2026-01-27 02:18:39,399 - INFO - 進捗: 160/216 - 8031: 62件
2026-01-27 02:18:39,668 - ERROR - $8423.T: possibly delisted; no price data found  (5m 2026-01-26 02:18:35.947145 -> 2026-01-27 02:18:35.947145)
2026-01-27 02:18:39,694 - INFO - 進捗: 170/216 - 8628: 62件
2026-01-27 02:18:39,807 - ERROR - $8028.T: possibly delisted; no timezone found
2026-01-27 02:18:40,034 - INFO - 進捗: 180/216 - 8804: 62件
2026-01-27 02:18:40,159 - INFO - 進捗: 190/216 - 9022: 62件
2026-01-27 02:18:40,464 - ERROR - $9062.T: possibly delisted; no timezone found
2026-01-27 02:18:40,523 - INFO - 進捗: 200/216 - 9062: データなし
2026-01-27 02:18:41,115 - ERROR - $9437.T: possibly delisted; no timezone found
2026-01-27 02:18:41,139 - ERROR - $9086.T: possibly delisted; no timezone found
2026-01-27 02:18:41,209 - INFO - 進捗: 210/216 - 9532: 62件
2026-01-27 02:18:41,362 - ERROR - $9681.T: possibly delisted; no timezone found
2026-01-27 02:18:41,381 - ERROR - $9613.T: possibly delisted; no timezone found
2026-01-27 02:18:43,913 - INFO - 進捗: 216/216 - 9684: 62件
2026-01-27 02:18:44,206 - INFO - データ収集完了: 208/216銘柄, 12866件保存, 8.0秒
2026-01-27 02:23:45,294 - INFO - データベーステーブル初期化完了
2026-01-27 02:23:45,294 - INFO - 自動データ収集システム初期化完了
2026-01-27 02:23:45,295 - INFO - データベース: data/market_data.db
2026-01-27 02:23:45,315 - INFO - 銘柄リスト読み込み完了: 216銘柄
2026-01-27 02:23:45,315 - INFO - データ収集開始: 2026-01-26 ～ 2026-01-27
2026-01-27 02:23:45,315 - INFO - 対象銘柄: 216銘柄
2026-01-27 02:23:45,839 - INFO - 進捗: 10/216 - 1301: 41件
2026-01-27 02:23:46,014 - INFO - 進捗: 20/216 - 2802: 62件
2026-01-27 02:23:46,249 - INFO - 進捗: 30/216 - 3401: 62件
2026-01-27 02:23:46,436 - INFO - 進捗: 40/216 - 4272: 62件
2026-01-27 02:23:46,592 - INFO - 進捗: 50/216 - 4519: 62件
2026-01-27 02:23:46,777 - INFO - 進捗: 60/216 - 4578: 62件
2026-01-27 02:23:46,970 - INFO - 進捗: 70/216 - 5214: 62件
2026-01-27 02:23:47,172 - INFO - 進捗: 80/216 - 5801: 62件
2026-01-27 02:23:47,352 - INFO - 進捗: 90/216 - 6103: 62件
2026-01-27 02:23:47,526 - INFO - 進捗: 100/216 - 6473: 62件
2026-01-27 02:23:47,713 - INFO - 進捗: 110/216 - 6703: 62件
2026-01-27 02:23:47,899 - INFO - 進捗: 120/216 - 6920: 62件
2026-01-27 02:23:48,086 - INFO - 進捗: 130/216 - 7148: 62件
2026-01-27 02:23:48,273 - ERROR - $7732.T: possibly delisted; no price data found  (5m 2026-01-26 02:23:45.315531 -> 2026-01-27 02:23:45.315531)
2026-01-27 02:23:48,373 - INFO - 進捗: 140/216 - 7261: 62件
2026-01-27 02:23:48,508 - INFO - 進捗: 150/216 - 8001: 62件
2026-01-27 02:23:48,685 - INFO - 進捗: 160/216 - 8306: 62件
2026-01-27 02:23:48,999 - ERROR - $8423.T: possibly delisted; no price data found  (5m 2026-01-26 02:23:45.315531 -> 2026-01-27 02:23:45.315531)
2026-01-27 02:23:49,000 - INFO - 進捗: 170/216 - 8423: データなし
2026-01-27 02:23:49,047 - ERROR - $8028.T: possibly delisted; no timezone found
2026-01-27 02:23:49,210 - INFO - 進捗: 180/216 - 8802: 62件
2026-01-27 02:23:49,401 - INFO - 進捗: 190/216 - 9008: 62件
2026-01-27 02:23:49,629 - ERROR - $9086.T: possibly delisted; no timezone found
2026-01-27 02:23:49,649 - INFO - 進捗: 200/216 - 9503: 62件
2026-01-27 02:23:49,837 - ERROR - $9437.T: possibly delisted; no timezone found
2026-01-27 02:23:49,895 - INFO - 進捗: 210/216 - 9532: 62件
2026-01-27 02:23:50,157 - ERROR - $9062.T: possibly delisted; no timezone found
2026-01-27 02:23:50,158 - ERROR - $9681.T: possibly delisted; no timezone found
2026-01-27 02:23:50,166 - ERROR - $9613.T: possibly delisted; no timezone found
2026-01-27 02:23:50,166 - INFO - 進捗: 216/216 - 9613: データなし
2026-01-27 02:23:50,433 - INFO - データ収集完了: 208/216銘柄, 12866件保存, 4.9秒
2026-01-27 02:28:51,401 - INFO - データベーステーブル初期化完了
2026-01-27 02:28:51,401 - INFO - 自動データ収集システム初期化完了
2026-01-27 02:28:51,401 - INFO - データベース: data/market_data.db
2026-01-27 02:28:51,421 - INFO - 銘柄リスト読み込み完了: 216銘柄
2026-01-27 02:28:51,421 - INFO - データ収集開始: 2026-01-26 ～ 2026-01-27
2026-01-27 02:28:51,421 - INFO - 対象銘柄: 216銘柄
2026-01-27 02:28:51,951 - INFO - 進捗: 10/216 - 1812: 62件
2026-01-27 02:28:52,135 - INFO - 進捗: 20/216 - 2871: 62件
2026-01-27 02:28:52,347 - INFO - 進捗: 30/216 - 4005: 62件
2026-01-27 02:28:52,520 - INFO - 進捗: 40/216 - 4188: 62件
2026-01-27 02:28:52,791 - INFO - 進捗: 50/216 - 4503: 62件
2026-01-27 02:28:52,930 - INFO - 進捗: 60/216 - 4716: 61件
2026-01-27 02:28:53,154 - INFO - 進捗: 70/216 - 5411: 62件
2026-01-27 02:28:53,323 - INFO - 進捗: 80/216 - 5707: 62件
2026-01-27 02:28:53,504 - INFO - 進捗: 90/216 - 6136: 62件
2026-01-27 02:28:53,694 - INFO - 進捗: 100/216 - 6361: 62件
2026-01-27 02:28:53,963 - INFO - 進捗: 110/216 - 6703: 62件
2026-01-27 02:28:54,105 - INFO - 進捗: 120/216 - 6857: 62件
2026-01-27 02:28:54,277 - INFO - 進捗: 130/216 - 6920: 62件
2026-01-27 02:28:54,469 - INFO - 進捗: 140/216 - 7261: 62件
2026-01-27 02:28:54,547 - ERROR - $7732.T: possibly delisted; no price data found  (5m 2026-01-26 02:28:51.421847 -> 2026-01-27 02:28:51.421847)
2026-01-27 02:28:54,696 - INFO - 進捗: 150/216 - 7733: 62件
2026-01-27 02:28:54,913 - INFO - 進捗: 160/216 - 8031: 62件
2026-01-27 02:28:55,159 - INFO - 進捗: 170/216 - 8331: 62件
2026-01-27 02:28:55,238 - ERROR - $8423.T: possibly delisted; no price data found  (5m 2026-01-26 02:28:51.421847 -> 2026-01-27 02:28:51.421847)
2026-01-27 02:28:55,264 - ERROR - $8028.T: possibly delisted; no timezone found
2026-01-27 02:28:55,328 - INFO - 進捗: 180/216 - 8801: 62件
2026-01-27 02:28:55,508 - INFO - 進捗: 190/216 - 9024: 62件
2026-01-27 02:28:55,800 - ERROR - $9086.T: possibly delisted; no timezone found
2026-01-27 02:28:55,822 - INFO - 進捗: 200/216 - 9432: 62件
2026-01-27 02:28:56,414 - ERROR - $9437.T: possibly delisted; no timezone found
2026-01-27 02:28:56,457 - INFO - 進捗: 210/216 - 9766: 62件
2026-01-27 02:28:56,717 - ERROR - $9062.T: possibly delisted; no timezone found
2026-01-27 02:28:56,719 - ERROR - $9613.T: possibly delisted; no timezone found
2026-01-27 02:28:56,720 - ERROR - $9681.T: possibly delisted; no timezone found
2026-01-27 02:28:56,721 - INFO - 進捗: 216/216 - 9681: データなし
2026-01-27 02:28:56,980 - INFO - データ収集完了: 208/216銘柄, 12866件保存, 5.3秒
